2018-02-10 07:38:58,581 INFO    : 主控程序初始化...
2018-02-10 07:38:59,659 INFO    : 视频采集器初始化完毕!
2018-02-10 07:38:59,660 INFO    : 分发器初始化完毕
2018-02-10 07:38:59,723 INFO    : 运动检测器初始化完毕
2018-02-10 07:38:59,724 INFO    : 命令监听器初始化完毕!
2018-02-10 07:38:59,724 INFO    : 追踪器初始化完毕,类型为:DlibTracker
2018-02-10 07:38:59,724 INFO    : 主控程序初始化完毕...
2018-02-10 07:38:59,724 INFO    : 
################################################################
2018-02-10 07:38:59,725 INFO    : 预警功能开启...
2018-02-10 07:49:42,312 INFO    : 主控程序初始化...
2018-02-10 07:49:43,117 INFO    : 视频采集器初始化完毕!
2018-02-10 07:49:43,118 INFO    : 分发器初始化完毕
2018-02-10 07:49:43,118 INFO    : 运动检测器初始化完毕
2018-02-10 07:49:43,119 INFO    : 命令监听器初始化完毕!
2018-02-10 07:49:43,119 INFO    : 追踪器初始化完毕,类型为:DlibTracker
2018-02-10 07:49:43,120 INFO    : 主控程序初始化完毕...
2018-02-10 07:49:43,120 INFO    : 
################################################################
2018-02-10 07:49:43,120 INFO    : 预警功能开启...
2018-02-10 07:49:43,170 INFO    : 开启分发
2018-02-10 07:49:43,171 INFO    : 是否开启图片分发:True
2018-02-10 07:49:43,171 INFO    : 开启视频采集
2018-02-10 07:49:43,186 INFO    : 视频采集线程启动...
2018-02-10 07:49:43,374 INFO    : 开启命令监听
2018-02-10 07:49:43,385 INFO    : 开启命令监听线程...
2018-02-10 07:49:43,385 INFO    : 初始化运动检测器背景采集...
2018-02-10 07:49:43,401 INFO    : 开始监听IP:,PORT:9998
2018-02-10 07:53:33,473 INFO    : 主控程序初始化...
2018-02-10 07:53:34,278 INFO    : 视频采集器初始化完毕!
2018-02-10 07:53:34,279 INFO    : 分发器初始化完毕
2018-02-10 07:53:34,280 INFO    : 运动检测器初始化完毕
2018-02-10 07:53:34,280 INFO    : 命令监听器初始化完毕!
2018-02-10 07:53:34,281 INFO    : 追踪器初始化完毕,类型为:DlibTracker
2018-02-10 07:53:34,282 INFO    : 主控程序初始化完毕...
2018-02-10 07:53:34,282 INFO    : 
################################################################
2018-02-10 07:53:34,283 INFO    : 预警功能开启...
2018-02-10 07:53:34,284 INFO    : 是否开启预警模式:True
2018-02-10 07:53:34,284 INFO    : 开启分发
2018-02-10 07:53:34,296 INFO    : 是否开启图片分发:True
2018-02-10 07:53:34,301 INFO    : 开启视频采集
2018-02-10 07:53:34,331 INFO    : 视频采集线程启动...
2018-02-10 07:53:34,347 INFO    : 开启命令监听
2018-02-10 07:53:34,387 INFO    : 开启命令监听线程...
2018-02-10 07:53:34,392 INFO    : 初始化运动检测器背景采集...
2018-02-10 07:53:34,417 INFO    : 开始监听IP:,PORT:9998
2018-02-10 07:53:35,750 INFO    : 运动检测器开始工作
2018-02-10 07:53:35,986 INFO    : 发现一个运动物体位于(0, 0, 640, 480)
2018-02-10 07:53:36,097 INFO    : 发现一个运动物体位于(0, 0, 640, 480)
2018-02-10 07:53:36,211 INFO    : 发现一个运动物体位于(0, 0, 640, 480)
2018-02-10 07:53:36,332 INFO    : 发现一个运动物体位于(0, 0, 640, 480)
2018-02-10 07:53:36,486 INFO    : 发现一个运动物体位于(0, 0, 640, 480)
2018-02-10 07:53:36,636 INFO    : 发现一个运动物体位于(0, 0, 640, 480)
2018-02-10 07:53:36,787 INFO    : 发现一个运动物体位于(0, 0, 640, 480)
2018-02-10 07:53:36,935 INFO    : 发现一个运动物体位于(0, 0, 640, 480)
2018-02-10 07:53:37,083 INFO    : 发现一个运动物体位于(0, 0, 640, 480)
2018-02-10 07:53:37,234 INFO    : 发现一个运动物体位于(0, 0, 640, 480)
2018-02-10 07:53:37,243 INFO    : 累计侦测到目标十次运动,锁定目标,开启目标追踪模式
2018-02-10 07:53:37,244 INFO    : 关闭运动检测
2018-02-10 07:53:37,244 INFO    : 运动检测器结束工作
2018-02-10 07:53:37,244 INFO    : 开启目标追踪...
2018-02-10 07:53:37,279 INFO    : 追踪器开始工作
2018-02-10 07:53:37,529 INFO    : 关闭视频采集
2018-02-10 07:53:37,589 INFO    : 捕获到一条命令:over
2018-02-10 07:53:37,589 INFO    : 发送结束命令,结束命令监听
2018-02-10 07:53:37,589 INFO    : 视频采集线程关闭...
2018-02-10 07:53:37,590 INFO    : 结束命令监听
2018-02-10 07:53:37,624 INFO    : 关闭视频采集
2018-02-10 07:53:37,624 INFO    : 发送结束命令,结束命令监听
2018-02-10 07:54:43,989 INFO    : 主控程序初始化...
2018-02-10 07:54:44,792 INFO    : 视频采集器初始化完毕!
2018-02-10 07:54:44,793 INFO    : 分发器初始化完毕
2018-02-10 07:54:44,793 INFO    : 运动检测器初始化完毕
2018-02-10 07:54:44,794 INFO    : 命令监听器初始化完毕!
2018-02-10 07:54:44,795 INFO    : 追踪器初始化完毕,类型为:DlibTracker
2018-02-10 07:54:44,795 INFO    : 主控程序初始化完毕...
2018-02-10 07:54:44,795 INFO    : 
################################################################
2018-02-10 07:54:44,795 INFO    : 预警功能开启...
2018-02-10 07:54:44,796 INFO    : 是否开启预警模式:True
2018-02-10 07:54:44,797 INFO    : 开启分发
2018-02-10 07:54:44,813 INFO    : 是否开启图片分发:True
2018-02-10 07:54:44,818 INFO    : 开启视频采集
2018-02-10 07:55:08,421 INFO    : 主控程序初始化...
2018-02-10 07:55:09,222 INFO    : 视频采集器初始化完毕!
2018-02-10 07:55:09,223 INFO    : 分发器初始化完毕
2018-02-10 07:55:09,224 INFO    : 运动检测器初始化完毕
2018-02-10 07:55:09,224 INFO    : 命令监听器初始化完毕!
2018-02-10 07:55:09,224 INFO    : 追踪器初始化完毕,类型为:DlibTracker
2018-02-10 07:55:09,225 INFO    : 主控程序初始化完毕...
2018-02-10 07:55:09,225 INFO    : 
################################################################
2018-02-10 07:55:09,225 INFO    : 预警功能开启...
2018-02-10 07:55:09,226 INFO    : 是否开启预警模式:True
2018-02-10 07:55:09,226 INFO    : 开启分发
2018-02-10 07:55:09,241 INFO    : 是否开启图片分发:True
2018-02-10 07:55:09,246 INFO    : 开启视频采集
2018-02-10 07:57:08,124 INFO    : 主控程序初始化...
2018-02-10 07:57:08,933 INFO    : 视频采集器初始化完毕!
2018-02-10 07:57:08,934 INFO    : 分发器初始化完毕
2018-02-10 07:57:08,934 INFO    : 运动检测器初始化完毕
2018-02-10 07:57:08,935 INFO    : 命令监听器初始化完毕!
2018-02-10 07:57:08,935 INFO    : 追踪器初始化完毕,类型为:DlibTracker
2018-02-10 07:57:08,936 INFO    : 主控程序初始化完毕...
2018-02-10 07:57:08,936 INFO    : 
################################################################
2018-02-10 07:57:08,936 INFO    : 预警功能开启...
2018-02-10 07:57:08,937 INFO    : 是否开启预警模式:True
2018-02-10 07:57:08,937 INFO    : 开启分发
2018-02-10 07:57:08,952 INFO    : 是否开启图片分发:True
2018-02-10 07:57:08,957 INFO    : 开启视频采集
2018-02-10 07:57:09,633 INFO    : 开启命令监听
2018-02-10 07:57:09,653 INFO    : 开启命令监听线程...
2018-02-10 07:57:09,658 INFO    : 初始化运动检测器背景采集...
2018-02-10 07:57:09,690 INFO    : 开始监听IP:,PORT:9998
2018-02-10 07:57:09,894 INFO    : 视频采集线程启动...
2018-02-10 07:58:14,798 INFO    : 主控程序初始化...
2018-02-10 07:58:15,602 INFO    : 视频采集器初始化完毕!
2018-02-10 07:58:15,603 INFO    : 分发器初始化完毕
2018-02-10 07:58:15,603 INFO    : 运动检测器初始化完毕
2018-02-10 07:58:15,604 INFO    : 命令监听器初始化完毕!
2018-02-10 07:58:15,604 INFO    : 追踪器初始化完毕,类型为:DlibTracker
2018-02-10 07:58:15,605 INFO    : 主控程序初始化完毕...
2018-02-10 07:58:15,605 INFO    : 
################################################################
2018-02-10 07:58:15,605 INFO    : 预警功能开启...
2018-02-10 07:58:15,606 INFO    : 是否开启预警模式:True
2018-02-10 07:58:15,606 INFO    : 开启分发
2018-02-10 07:58:15,622 INFO    : 是否开启图片分发:True
2018-02-10 07:58:15,627 INFO    : 开启视频采集
2018-02-10 07:58:16,402 INFO    : 开启命令监听
2018-02-10 07:58:16,433 INFO    : 开启命令监听线程...
2018-02-10 07:58:16,443 INFO    : 初始化运动检测器背景采集...
2018-02-10 07:58:16,458 INFO    : 开始监听IP:,PORT:9998
2018-02-10 07:58:16,635 INFO    : 视频采集线程启动...
2018-02-10 07:59:13,660 INFO    : 主控程序初始化...
2018-02-10 07:59:14,462 INFO    : 视频采集器初始化完毕!
2018-02-10 07:59:14,465 INFO    : 分发器初始化完毕
2018-02-10 07:59:14,465 INFO    : 运动检测器初始化完毕
2018-02-10 07:59:14,466 INFO    : 命令监听器初始化完毕!
2018-02-10 07:59:14,467 INFO    : 追踪器初始化完毕,类型为:DlibTracker
2018-02-10 07:59:14,467 INFO    : 主控程序初始化完毕...
2018-02-10 07:59:14,468 INFO    : 
################################################################
2018-02-10 07:59:14,468 INFO    : 预警功能开启...
2018-02-10 07:59:14,471 INFO    : 是否开启预警模式:True
2018-02-10 07:59:14,471 INFO    : 开启分发
2018-02-10 07:59:14,486 INFO    : 是否开启图片分发:True
2018-02-10 07:59:14,491 INFO    : 开启视频采集
2018-02-10 07:59:15,230 INFO    : 开启命令监听
2018-02-10 07:59:15,255 INFO    : 开启命令监听线程...
2018-02-10 07:59:15,260 INFO    : 初始化运动检测器背景采集...
2018-02-10 07:59:15,285 INFO    : 开始监听IP:,PORT:9998
2018-02-10 07:59:15,471 INFO    : 视频采集线程启动...
2018-02-10 08:00:37,677 INFO    : 主控程序初始化...
2018-02-10 08:00:38,482 INFO    : 视频采集器初始化完毕!
2018-02-10 08:00:38,484 INFO    : 分发器初始化完毕
2018-02-10 08:00:38,484 INFO    : 运动检测器初始化完毕
2018-02-10 08:00:38,485 INFO    : 命令监听器初始化完毕!
2018-02-10 08:00:38,485 INFO    : 追踪器初始化完毕,类型为:DlibTracker
2018-02-10 08:00:38,485 INFO    : 主控程序初始化完毕...
2018-02-10 08:00:38,485 INFO    : 
################################################################
2018-02-10 08:00:38,485 INFO    : 预警功能开启...
2018-02-10 08:00:38,486 INFO    : 是否开启预警模式:True
2018-02-10 08:00:38,486 INFO    : 开启分发
2018-02-10 08:00:38,501 INFO    : 是否开启图片分发:True
2018-02-10 08:00:38,506 INFO    : 开启视频采集
2018-02-10 08:00:39,191 INFO    : 开启命令监听
2018-02-10 08:00:39,246 INFO    : 开启命令监听线程...
2018-02-10 08:00:39,251 INFO    : 初始化运动检测器背景采集...
2018-02-10 08:00:39,266 INFO    : 开始监听IP:,PORT:9998
2018-02-10 08:00:39,431 INFO    : 视频采集线程启动...
2018-02-10 08:01:17,795 INFO    : 主控程序初始化...
2018-02-10 08:01:18,597 INFO    : 视频采集器初始化完毕!
2018-02-10 08:01:18,598 INFO    : 分发器初始化完毕
2018-02-10 08:01:18,599 INFO    : 运动检测器初始化完毕
2018-02-10 08:01:18,599 INFO    : 命令监听器初始化完毕!
2018-02-10 08:01:18,600 INFO    : 追踪器初始化完毕,类型为:DlibTracker
2018-02-10 08:01:18,600 INFO    : 主控程序初始化完毕...
2018-02-10 08:01:18,601 INFO    : 
################################################################
2018-02-10 08:01:18,601 INFO    : 预警功能开启...
2018-02-10 08:01:18,602 INFO    : 是否开启预警模式:True
2018-02-10 08:01:18,602 INFO    : 开启分发
2018-02-10 08:01:18,618 INFO    : 是否开启图片分发:True
2018-02-10 08:01:18,623 INFO    : 开启视频采集
2018-02-10 08:01:19,291 INFO    : 开启命令监听
2018-02-10 08:01:19,331 INFO    : 开启命令监听线程...
2018-02-10 08:01:19,351 INFO    : 初始化运动检测器背景采集...
2018-02-10 08:01:19,361 INFO    : 开始监听IP:,PORT:9998
2018-02-10 08:01:19,558 INFO    : 视频采集线程启动...
2018-02-10 08:01:57,003 INFO    : 主控程序初始化...
2018-02-10 08:01:57,807 INFO    : 视频采集器初始化完毕!
2018-02-10 08:01:57,809 INFO    : 分发器初始化完毕
2018-02-10 08:01:57,809 INFO    : 运动检测器初始化完毕
2018-02-10 08:01:57,810 INFO    : 命令监听器初始化完毕!
2018-02-10 08:01:57,810 INFO    : 追踪器初始化完毕,类型为:DlibTracker
2018-02-10 08:01:57,811 INFO    : 主控程序初始化完毕...
2018-02-10 08:01:57,811 INFO    : 
################################################################
2018-02-10 08:01:57,811 INFO    : 预警功能开启...
2018-02-10 08:01:57,812 INFO    : 是否开启预警模式:True
2018-02-10 08:01:57,812 INFO    : 开启分发
2018-02-10 08:01:57,827 INFO    : 是否开启图片分发:True
2018-02-10 08:01:57,833 INFO    : 开启视频采集
2018-02-10 08:01:58,589 INFO    : 开启命令监听
2018-02-10 08:01:58,620 INFO    : 开启命令监听线程...
2018-02-10 08:01:58,631 INFO    : 初始化运动检测器背景采集...
2018-02-10 08:01:58,636 INFO    : 开始监听IP:,PORT:9998
2018-02-10 08:01:58,852 INFO    : 视频采集线程启动...
2018-02-10 08:02:11,962 INFO    : 主控程序初始化...
2018-02-10 08:02:12,768 INFO    : 视频采集器初始化完毕!
2018-02-10 08:02:12,769 INFO    : 分发器初始化完毕
2018-02-10 08:02:12,770 INFO    : 运动检测器初始化完毕
2018-02-10 08:02:12,770 INFO    : 命令监听器初始化完毕!
2018-02-10 08:02:12,770 INFO    : 追踪器初始化完毕,类型为:DlibTracker
2018-02-10 08:02:12,771 INFO    : 主控程序初始化完毕...
2018-02-10 08:02:12,771 INFO    : 
################################################################
2018-02-10 08:02:12,771 INFO    : 预警功能开启...
2018-02-10 08:02:12,772 INFO    : 是否开启预警模式:True
2018-02-10 08:02:12,772 INFO    : 开启分发
2018-02-10 08:02:12,788 INFO    : 是否开启图片分发:True
2018-02-10 08:02:12,793 INFO    : 开启视频采集
2018-02-10 08:02:13,622 INFO    : 开启命令监听
2018-02-10 08:02:13,654 INFO    : 开启命令监听线程...
2018-02-10 08:02:13,659 INFO    : 初始化运动检测器背景采集...
2018-02-10 08:02:13,669 INFO    : 开始监听IP:,PORT:9998
2018-02-10 08:02:13,850 INFO    : 视频采集线程启动...
2018-02-10 08:03:05,935 INFO    : 主控程序初始化...
2018-02-10 08:03:06,137 INFO    : 视频采集器初始化完毕!
2018-02-10 08:03:06,138 INFO    : 分发器初始化完毕
2018-02-10 08:03:06,138 INFO    : 运动检测器初始化完毕
2018-02-10 08:03:30,402 INFO    : 主控程序初始化...
2018-02-10 08:03:31,208 INFO    : 视频采集器初始化完毕!
2018-02-10 08:03:31,209 INFO    : 分发器初始化完毕
2018-02-10 08:03:31,209 INFO    : 运动检测器初始化完毕
2018-02-10 08:03:31,210 INFO    : 命令监听器初始化完毕!
2018-02-10 08:03:31,210 INFO    : 追踪器初始化完毕,类型为:DlibTracker
2018-02-10 08:03:31,210 INFO    : 主控程序初始化完毕...
2018-02-10 08:03:31,210 INFO    : 
################################################################
2018-02-10 08:03:31,211 INFO    : 预警功能开启...
2018-02-10 08:03:31,211 INFO    : 是否开启预警模式:True
2018-02-10 08:03:31,211 INFO    : 开启分发
2018-02-10 08:03:31,227 INFO    : 是否开启图片分发:True
2018-02-10 08:03:31,232 INFO    : 开启视频采集
2018-02-10 08:03:49,487 INFO    : 主控程序初始化...
2018-02-10 08:03:49,689 INFO    : 视频采集器初始化完毕!
2018-02-10 08:03:49,690 INFO    : 分发器初始化完毕
2018-02-10 08:03:49,690 INFO    : 运动检测器初始化完毕
2018-02-10 08:03:52,442 INFO    : 主控程序初始化...
2018-02-10 08:03:53,246 INFO    : 视频采集器初始化完毕!
2018-02-10 08:03:53,248 INFO    : 分发器初始化完毕
2018-02-10 08:03:53,248 INFO    : 运动检测器初始化完毕
2018-02-10 08:03:53,249 INFO    : 命令监听器初始化完毕!
2018-02-10 08:03:53,250 INFO    : 追踪器初始化完毕,类型为:DlibTracker
2018-02-10 08:03:53,250 INFO    : 主控程序初始化完毕...
2018-02-10 08:03:53,250 INFO    : 
################################################################
2018-02-10 08:03:53,251 INFO    : 预警功能开启...
2018-02-10 08:03:53,254 INFO    : 是否开启预警模式:True
2018-02-10 08:03:53,255 INFO    : 开启分发
2018-02-10 08:03:53,270 INFO    : 是否开启图片分发:True
2018-02-10 08:03:53,275 INFO    : 开启视频采集
2018-02-10 08:03:53,302 INFO    : 视频采集线程启动...
2018-02-10 08:03:53,307 INFO    : 开启命令监听
2018-02-10 08:03:53,412 INFO    : 开启命令监听线程...
2018-02-10 08:03:53,417 INFO    : 初始化运动检测器背景采集...
2018-02-10 08:03:53,432 INFO    : 开始监听IP:,PORT:9998
2018-02-10 08:03:54,499 INFO    : 运动检测器开始工作
2018-02-10 08:03:54,864 INFO    : 发现一个运动物体位于(1, 0, 553, 480)
2018-02-10 08:03:55,029 INFO    : 发现一个运动物体位于(27, 0, 526, 480)
2018-02-10 08:03:55,186 INFO    : 发现一个运动物体位于(0, 0, 640, 480)
2018-02-10 08:03:55,333 INFO    : 发现一个运动物体位于(0, 0, 640, 480)
2018-02-10 08:03:55,475 INFO    : 发现一个运动物体位于(0, 0, 640, 480)
2018-02-10 08:03:55,627 INFO    : 发现一个运动物体位于(0, 0, 640, 480)
2018-02-10 08:03:55,775 INFO    : 发现一个运动物体位于(0, 0, 640, 480)
2018-02-10 08:03:55,917 INFO    : 发现一个运动物体位于(0, 0, 640, 480)
2018-02-10 08:03:56,069 INFO    : 发现一个运动物体位于(0, 0, 640, 480)
2018-02-10 08:03:56,220 INFO    : 发现一个运动物体位于(0, 0, 640, 480)
2018-02-10 08:03:56,227 INFO    : 累计侦测到目标十次运动,锁定目标,开启目标追踪模式
2018-02-10 08:03:56,228 INFO    : 关闭运动检测
2018-02-10 08:03:56,229 INFO    : 运动检测器结束工作
2018-02-10 08:03:56,240 INFO    : 开启目标追踪...
2018-02-10 08:03:56,267 INFO    : 追踪器开始工作
2018-02-10 08:03:56,950 INFO    : 关闭视频采集
2018-02-10 08:03:56,967 INFO    : 发送结束命令,结束命令监听
2018-02-10 08:03:56,967 INFO    : 捕获到一条命令:over
2018-02-10 08:03:56,993 INFO    : 关闭视频采集
2018-02-10 08:03:56,994 INFO    : 结束命令监听
2018-02-10 08:03:56,994 INFO    : 发送结束命令,结束命令监听
2018-02-10 08:03:56,994 ERROR   : 分发器错误:[WinError 10038] 在一个非套接字上尝试了一个操作。
2018-02-10 08:03:56,997 INFO    : 视频采集线程关闭...
2018-02-10 18:15:40,947 INFO    : 视频采集器初始化完毕!
2018-02-10 18:15:40,948 INFO    : 开启视频采集
2018-02-10 18:15:40,948 INFO    : 视频采集线程启动...
2018-02-10 18:16:54,778 INFO    : 视频采集器初始化完毕!
2018-02-10 18:16:54,778 INFO    : 开启视频采集
2018-02-10 18:16:54,779 INFO    : 视频采集线程启动...
2018-02-10 18:17:34,090 INFO    : 视频采集器初始化完毕!
2018-02-10 18:17:34,091 INFO    : 开启视频采集
2018-02-10 18:17:34,091 INFO    : 视频采集线程启动...
2018-02-10 18:17:45,428 INFO    : 视频采集器初始化完毕!
2018-02-10 18:17:45,428 INFO    : 开启视频采集
2018-02-10 18:17:45,428 INFO    : 视频采集线程启动...
2018-02-10 22:41:42,215 INFO    : 视频采集器初始化完毕!
2018-02-10 22:41:42,215 INFO    : 开启视频采集
2018-02-10 22:41:42,216 INFO    : 视频采集线程启动...
2018-02-10 22:42:03,037 INFO    : 视频采集器初始化完毕!
2018-02-10 22:42:03,037 INFO    : 开启视频采集
2018-02-10 22:42:03,038 INFO    : 视频采集线程启动...
2018-02-10 22:42:30,344 INFO    : 视频采集器初始化完毕!
2018-02-10 22:42:30,344 INFO    : 开启视频采集
2018-02-10 22:42:30,346 INFO    : 视频采集线程启动...
2018-02-10 22:43:06,345 INFO    : 视频采集器初始化完毕!
2018-02-10 22:43:06,345 INFO    : 开启视频采集
2018-02-10 22:43:06,347 INFO    : 视频采集线程启动...
2018-02-10 22:43:28,137 INFO    : 视频采集器初始化完毕!
2018-02-10 22:43:28,138 INFO    : 开启视频采集
2018-02-10 22:43:28,139 INFO    : 视频采集线程启动...
2018-02-10 22:52:05,913 INFO    : 视频采集器初始化完毕!
2018-02-10 22:52:05,914 INFO    : 开启视频采集
2018-02-10 22:52:05,914 INFO    : 视频采集线程启动...
2018-02-10 22:52:06,638 INFO    : 是否开启预警模式:True
2018-02-10 22:52:06,709 INFO    : 是否开启图片分发:True
2018-02-10 22:52:06,711 INFO    : 分发器初始化完毕
2018-02-10 22:52:06,752 INFO    : 运动检测器初始化完毕
2018-02-10 22:53:17,244 INFO    : 视频采集器初始化完毕!
2018-02-10 22:53:17,244 INFO    : 开启视频采集
2018-02-10 22:53:17,247 INFO    : 视频采集线程启动...
2018-02-10 22:53:17,933 INFO    : 是否开启预警模式:True
2018-02-10 22:53:17,934 INFO    : 运动检测器初始化完毕
2018-02-10 22:53:17,973 INFO    : 是否开启图片分发:True
2018-02-10 22:53:17,974 INFO    : 分发器初始化完毕
2018-02-10 22:53:18,171 INFO    : 运动检测器开始工作
2018-02-10 22:54:34,175 INFO    : 视频采集器初始化完毕!
2018-02-10 22:54:34,176 INFO    : 开启视频采集
2018-02-10 22:54:34,176 INFO    : 视频采集线程启动...
2018-02-10 22:54:34,826 INFO    : 是否开启预警模式:True
2018-02-10 22:54:34,827 INFO    : 运动检测器初始化完毕
2018-02-10 22:54:34,843 INFO    : 运动检测器开始工作
2018-02-10 22:54:34,930 INFO    : 是否开启图片分发:True
2018-02-10 22:54:34,934 INFO    : 分发器初始化完毕
2018-02-10 22:54:35,702 INFO    : 发现一个运动物体位于(0, 0, 640, 480)
2018-02-10 22:54:36,249 INFO    : 发现一个运动物体位于(0, 0, 640, 480)
2018-02-10 22:54:36,800 INFO    : 发现一个运动物体位于(0, 0, 640, 480)
2018-02-10 22:54:37,346 INFO    : 发现一个运动物体位于(0, 0, 640, 480)
2018-02-10 22:54:37,893 INFO    : 发现一个运动物体位于(0, 0, 640, 480)
2018-02-10 22:54:38,442 INFO    : 发现一个运动物体位于(0, 0, 640, 480)
2018-02-10 22:54:38,986 INFO    : 发现一个运动物体位于(0, 0, 640, 480)
2018-02-10 22:54:39,533 INFO    : 发现一个运动物体位于(0, 0, 640, 480)
2018-02-10 22:54:40,084 INFO    : 发现一个运动物体位于(0, 0, 640, 480)
2018-02-10 22:54:40,625 INFO    : 发现一个运动物体位于(0, 0, 640, 480)
2018-02-10 22:54:40,626 INFO    : 累计侦测到目标十次运动,锁定目标,开启目标追踪模式
2018-02-10 22:54:40,626 INFO    : 关闭运动检测
2018-02-10 22:54:40,626 INFO    : 运动检测器结束工作
2018-02-10 22:54:40,626 INFO    : 开启目标追踪...
2018-02-10 22:55:45,393 INFO    : 视频采集器初始化完毕!
2018-02-10 22:55:45,394 INFO    : 开启视频采集
2018-02-10 22:55:45,394 INFO    : 视频采集线程启动...
2018-02-10 22:55:47,061 INFO    : 是否开启预警模式:True
2018-02-10 22:55:47,061 INFO    : 运动检测器初始化完毕
2018-02-10 22:55:47,062 INFO    : 追踪器初始化完毕,类型为:DlibTracker
2018-02-10 22:55:47,076 INFO    : 运动检测器开始工作
2018-02-10 22:55:47,095 INFO    : 是否开启图片分发:True
2018-02-10 22:55:47,097 INFO    : 分发器初始化完毕
2018-02-10 22:55:50,149 INFO    : 发现一个运动物体位于(584, 416, 20, 19)
2018-02-10 22:55:50,698 INFO    : 发现一个运动物体位于(575, 402, 32, 36)
2018-02-10 22:55:51,245 INFO    : 发现一个运动物体位于(582, 414, 22, 22)
2018-02-10 22:55:51,800 INFO    : 发现一个运动物体位于(577, 404, 29, 33)
2018-02-10 22:55:52,352 INFO    : 发现一个运动物体位于(576, 404, 31, 35)
2018-02-10 22:55:52,902 INFO    : 发现一个运动物体位于(569, 393, 38, 45)
2018-02-10 22:55:53,453 INFO    : 发现一个运动物体位于(568, 393, 41, 46)
2018-02-10 22:55:54,006 INFO    : 发现一个运动物体位于(556, 377, 52, 62)
2018-02-10 22:55:54,564 INFO    : 发现一个运动物体位于(576, 402, 31, 36)
2018-02-10 22:55:55,129 INFO    : 发现一个运动物体位于(568, 392, 40, 47)
2018-02-10 22:55:55,130 INFO    : 累计侦测到目标十次运动,锁定目标,开启目标追踪模式
2018-02-10 22:55:55,130 INFO    : 关闭运动检测
2018-02-10 22:55:55,130 INFO    : 运动检测器结束工作
2018-02-10 22:55:55,130 INFO    : 开启目标追踪...
2018-02-10 22:55:55,161 INFO    : 追踪器开始工作
2018-02-10 22:55:57,697 INFO    : 目标丢失,退出目标追踪模式,进入运动监控状态
2018-02-10 22:55:57,697 INFO    : 关闭目标追踪...
2018-02-10 22:55:57,700 INFO    : 追踪器结束工作
2018-02-10 22:55:57,700 INFO    : 开启运动检测...
2018-02-10 22:55:57,714 INFO    : 运动检测器开始工作
2018-02-10 22:55:58,327 INFO    : 发现一个运动物体位于(219, 126, 54, 151)
2018-02-10 22:55:58,878 INFO    : 发现一个运动物体位于(126, 83, 514, 397)
2018-02-10 22:55:59,424 INFO    : 发现一个运动物体位于(183, 83, 457, 397)
2018-02-10 22:55:59,979 INFO    : 发现一个运动物体位于(522, 370, 110, 103)
2018-02-10 22:56:00,526 INFO    : 发现一个运动物体位于(179, 83, 275, 301)
2018-02-10 22:56:01,075 INFO    : 发现一个运动物体位于(104, 83, 536, 397)
2018-02-10 22:56:01,623 INFO    : 发现一个运动物体位于(206, 95, 139, 287)
2018-02-10 22:56:02,172 INFO    : 发现一个运动物体位于(81, 83, 559, 397)
2018-02-10 22:56:02,726 INFO    : 发现一个运动物体位于(81, 83, 559, 397)
2018-02-10 22:56:03,270 INFO    : 发现一个运动物体位于(81, 83, 559, 397)
2018-02-10 22:56:03,270 INFO    : 累计侦测到目标十次运动,锁定目标,开启目标追踪模式
2018-02-10 22:56:03,270 INFO    : 关闭运动检测
2018-02-10 22:56:03,270 INFO    : 运动检测器结束工作
2018-02-10 22:56:03,270 INFO    : 开启目标追踪...
2018-02-10 22:56:03,308 INFO    : 追踪器开始工作
2018-02-10 22:58:50,390 INFO    : 视频采集器初始化完毕!
2018-02-10 22:58:50,390 INFO    : 开启视频采集
2018-02-10 22:58:50,391 INFO    : 视频采集线程启动...
2018-02-10 22:58:52,070 INFO    : 是否开启预警模式:True
2018-02-10 22:58:52,071 INFO    : 运动检测器初始化完毕
2018-02-10 22:58:52,073 INFO    : 追踪器初始化完毕,类型为:DlibTracker
2018-02-10 22:58:52,090 INFO    : 运动检测器开始工作
2018-02-10 22:58:52,101 INFO    : 是否开启图片分发:True
2018-02-10 22:58:52,103 INFO    : 分发器初始化完毕
2018-02-10 22:58:55,840 INFO    : 发现一个运动物体位于(397, 404, 130, 76)
2018-02-10 22:58:56,394 INFO    : 发现一个运动物体位于(375, 387, 210, 93)
2018-02-10 22:58:56,944 INFO    : 发现一个运动物体位于(378, 389, 204, 91)
2018-02-10 22:58:57,493 INFO    : 发现一个运动物体位于(380, 388, 203, 92)
2018-02-10 22:58:58,051 INFO    : 发现一个运动物体位于(378, 389, 204, 91)
2018-02-10 22:58:58,598 INFO    : 发现一个运动物体位于(379, 390, 203, 90)
2018-02-10 22:58:59,143 INFO    : 发现一个运动物体位于(103, 69, 191, 411)
2018-02-10 22:58:59,699 INFO    : 发现一个运动物体位于(94, 71, 537, 409)
2018-02-10 22:59:00,257 INFO    : 发现一个运动物体位于(94, 72, 479, 408)
2018-02-10 22:59:00,803 INFO    : 发现一个运动物体位于(97, 72, 543, 408)
2018-02-10 22:59:00,803 INFO    : 累计侦测到目标十次运动,锁定目标,开启目标追踪模式
2018-02-10 22:59:00,803 INFO    : 关闭运动检测
2018-02-10 22:59:00,803 INFO    : 运动检测器结束工作
2018-02-10 22:59:00,804 INFO    : 开启目标追踪...
2018-02-10 22:59:00,844 INFO    : 追踪器开始工作
2018-02-10 22:59:50,321 INFO    : 目标丢失,退出目标追踪模式,进入运动监控状态
2018-02-10 22:59:50,321 INFO    : 关闭目标追踪...
2018-02-10 22:59:50,324 INFO    : 追踪器结束工作
2018-02-10 22:59:50,324 INFO    : 开启运动检测...
2018-02-10 22:59:50,343 INFO    : 运动检测器开始工作
2018-02-10 22:59:50,980 INFO    : 发现一个运动物体位于(265, 344, 101, 136)
2018-02-10 22:59:51,529 INFO    : 发现一个运动物体位于(264, 265, 376, 215)
2018-02-10 22:59:52,071 INFO    : 发现一个运动物体位于(265, 263, 375, 217)
2018-02-10 22:59:52,615 INFO    : 发现一个运动物体位于(265, 265, 375, 215)
2018-02-10 22:59:53,159 INFO    : 发现一个运动物体位于(264, 264, 376, 216)
2018-02-10 22:59:53,710 INFO    : 发现一个运动物体位于(353, 362, 287, 118)
2018-02-10 22:59:54,266 INFO    : 发现一个运动物体位于(192, 83, 448, 397)
2018-02-10 22:59:54,821 INFO    : 发现一个运动物体位于(108, 84, 532, 396)
2018-02-10 22:59:55,398 INFO    : 发现一个运动物体位于(93, 80, 547, 400)
2018-02-10 22:59:55,940 INFO    : 发现一个运动物体位于(95, 74, 545, 406)
2018-02-10 22:59:55,940 INFO    : 累计侦测到目标十次运动,锁定目标,开启目标追踪模式
2018-02-10 22:59:55,940 INFO    : 关闭运动检测
2018-02-10 22:59:55,941 INFO    : 运动检测器结束工作
2018-02-10 22:59:55,941 INFO    : 开启目标追踪...
2018-02-10 22:59:55,981 INFO    : 追踪器开始工作
2018-02-10 23:00:30,293 INFO    : 主控程序初始化...
2018-02-10 23:00:30,502 INFO    : 视频采集器初始化完毕!
2018-02-10 23:00:30,503 INFO    : 分发器初始化完毕
2018-02-10 23:00:30,503 INFO    : 运动检测器初始化完毕
2018-02-10 23:00:30,503 INFO    : 命令监听器初始化完毕!
2018-02-10 23:00:30,504 INFO    : 追踪器初始化完毕,类型为:DlibTracker
2018-02-10 23:00:30,504 INFO    : 主控程序初始化完毕...
2018-02-10 23:00:30,504 INFO    : 
################################################################
2018-02-10 23:00:30,504 INFO    : 预警功能开启...
2018-02-10 23:00:30,505 INFO    : 是否开启预警模式:True
2018-02-10 23:00:30,505 INFO    : 开启分发
2018-02-10 23:00:30,521 INFO    : 是否开启图片分发:True
2018-02-10 23:00:30,531 INFO    : 开启视频采集
2018-02-10 23:00:30,552 INFO    : 视频采集线程启动...
2018-02-10 23:00:30,559 INFO    : 开启命令监听
2018-02-10 23:00:30,611 INFO    : 开启命令监听线程...
2018-02-10 23:00:30,617 INFO    : 开始监听IP:,PORT:9998
2018-02-10 23:00:30,617 INFO    : 初始化运动检测器背景采集...
2018-02-10 23:00:31,738 INFO    : 运动检测器开始工作
2018-02-10 23:00:31,948 INFO    : 发现一个运动物体位于(551, 295, 22, 26)
2018-02-10 23:00:32,116 INFO    : 发现一个运动物体位于(526, 277, 114, 123)
2018-02-10 23:00:32,279 INFO    : 发现一个运动物体位于(521, 277, 119, 119)
2018-02-10 23:00:32,436 INFO    : 发现一个运动物体位于(542, 277, 98, 89)
2018-02-10 23:00:32,604 INFO    : 发现一个运动物体位于(553, 273, 70, 58)
2018-02-10 23:00:32,771 INFO    : 发现一个运动物体位于(547, 271, 93, 137)
2018-02-10 23:00:32,926 INFO    : 发现一个运动物体位于(546, 277, 94, 134)
2018-02-10 23:00:33,088 INFO    : 发现一个运动物体位于(326, 111, 119, 292)
2018-02-10 23:00:33,257 INFO    : 发现一个运动物体位于(165, 81, 475, 399)
2018-02-10 23:00:33,413 INFO    : 发现一个运动物体位于(106, 80, 534, 400)
2018-02-10 23:00:33,414 INFO    : 累计侦测到目标十次运动,锁定目标,开启目标追踪模式
2018-02-10 23:00:33,414 INFO    : 关闭运动检测
2018-02-10 23:00:33,414 INFO    : 运动检测器结束工作
2018-02-10 23:00:33,415 INFO    : 开启目标追踪...
2018-02-10 23:00:33,447 INFO    : 追踪器开始工作
2018-02-10 23:01:06,629 INFO    : 视频采集器初始化完毕!
2018-02-10 23:01:06,629 INFO    : 开启视频采集
2018-02-10 23:01:06,630 INFO    : 视频采集线程启动...
2018-02-10 23:01:08,239 INFO    : 是否开启预警模式:True
2018-02-10 23:01:08,240 INFO    : 运动检测器初始化完毕
2018-02-10 23:01:08,240 INFO    : 追踪器初始化完毕,类型为:DlibTracker
2018-02-10 23:01:08,254 INFO    : 运动检测器开始工作
2018-02-10 23:01:08,386 INFO    : 是否开启图片分发:True
2018-02-10 23:01:08,388 INFO    : 分发器初始化完毕
2018-02-10 23:01:10,905 INFO    : 发现一个运动物体位于(361, 202, 23, 32)
2018-02-10 23:01:11,458 INFO    : 发现一个运动物体位于(344, 134, 52, 200)
2018-02-10 23:01:12,015 INFO    : 发现一个运动物体位于(301, 111, 117, 292)
2018-02-10 23:01:12,573 INFO    : 发现一个运动物体位于(163, 88, 291, 392)
2018-02-10 23:01:13,125 INFO    : 发现一个运动物体位于(163, 87, 292, 393)
2018-02-10 23:01:13,683 INFO    : 发现一个运动物体位于(163, 88, 292, 392)
2018-02-10 23:01:14,236 INFO    : 发现一个运动物体位于(287, 116, 125, 344)
2018-02-10 23:01:14,787 INFO    : 发现一个运动物体位于(397, 432, 24, 22)
2018-02-10 23:01:15,341 INFO    : 发现一个运动物体位于(396, 432, 25, 23)
2018-02-10 23:01:15,894 INFO    : 发现一个运动物体位于(397, 431, 24, 24)
2018-02-10 23:01:15,895 INFO    : 累计侦测到目标十次运动,锁定目标,开启目标追踪模式
2018-02-10 23:01:15,895 INFO    : 关闭运动检测
2018-02-10 23:01:15,895 INFO    : 运动检测器结束工作
2018-02-10 23:01:15,895 INFO    : 开启目标追踪...
2018-02-10 23:01:15,934 INFO    : 追踪器开始工作
2018-02-10 23:01:16,015 INFO    : 目标丢失,退出目标追踪模式,进入运动监控状态
2018-02-10 23:01:16,015 INFO    : 关闭目标追踪...
2018-02-10 23:01:16,016 INFO    : 追踪器结束工作
2018-02-10 23:01:16,017 INFO    : 开启运动检测...
2018-02-10 23:01:16,036 INFO    : 运动检测器开始工作
2018-02-10 23:01:16,907 INFO    : 发现一个运动物体位于(375, 187, 23, 35)
2018-02-10 23:01:17,461 INFO    : 发现一个运动物体位于(359, 149, 43, 134)
2018-02-10 23:01:18,010 INFO    : 发现一个运动物体位于(359, 150, 43, 133)
2018-02-10 23:01:18,563 INFO    : 发现一个运动物体位于(366, 179, 35, 80)
2018-02-10 23:01:19,121 INFO    : 发现一个运动物体位于(370, 212, 21, 24)
2018-02-10 23:01:19,680 INFO    : 发现一个运动物体位于(366, 181, 34, 78)
2018-02-10 23:01:20,223 INFO    : 发现一个运动物体位于(367, 184, 32, 74)
2018-02-10 23:01:20,774 INFO    : 发现一个运动物体位于(367, 191, 30, 49)
2018-02-10 23:01:21,323 INFO    : 发现一个运动物体位于(369, 195, 27, 41)
2018-02-10 23:01:22,275 INFO    : 发现一个运动物体位于(190, 224, 20, 21)
2018-02-10 23:01:22,831 INFO    : 发现一个运动物体位于(167, 98, 85, 192)
2018-02-10 23:01:23,383 INFO    : 发现一个运动物体位于(169, 120, 63, 145)
2018-02-10 23:01:23,937 INFO    : 发现一个运动物体位于(166, 98, 86, 195)
2018-02-10 23:01:24,484 INFO    : 发现一个运动物体位于(165, 96, 88, 198)
2018-02-10 23:01:25,030 INFO    : 发现一个运动物体位于(165, 96, 97, 271)
2018-02-10 23:01:25,587 INFO    : 发现一个运动物体位于(165, 98, 87, 197)
2018-02-10 23:01:26,145 INFO    : 发现一个运动物体位于(166, 99, 85, 192)
2018-02-10 23:01:26,709 INFO    : 发现一个运动物体位于(165, 99, 86, 217)
2018-02-10 23:01:27,264 INFO    : 发现一个运动物体位于(165, 99, 86, 209)
2018-02-10 23:01:27,264 INFO    : 累计侦测到目标十次运动,锁定目标,开启目标追踪模式
2018-02-10 23:01:27,264 INFO    : 关闭运动检测
2018-02-10 23:01:27,264 INFO    : 运动检测器结束工作
2018-02-10 23:01:27,265 INFO    : 开启目标追踪...
2018-02-10 23:01:27,301 INFO    : 追踪器开始工作
2018-02-10 23:14:35,267 INFO    : 视频采集器初始化完毕!
2018-02-10 23:14:35,267 INFO    : 开启视频采集
2018-02-10 23:14:35,268 INFO    : 视频采集线程启动...
2018-02-10 23:14:36,891 INFO    : 是否开启预警模式:True
2018-02-10 23:14:36,892 INFO    : 运动检测器初始化完毕
2018-02-10 23:14:36,892 INFO    : 追踪器初始化完毕,类型为:DlibTracker
2018-02-10 23:14:36,907 INFO    : 运动检测器开始工作
2018-02-10 23:14:37,025 INFO    : 是否开启图片分发:True
2018-02-10 23:14:37,026 INFO    : 分发器初始化完毕
2018-02-10 23:14:40,426 INFO    : 发现一个运动物体位于(353, 394, 86, 58)
2018-02-10 23:14:40,978 INFO    : 发现一个运动物体位于(299, 210, 250, 270)
2018-02-10 23:14:41,517 INFO    : 发现一个运动物体位于(294, 210, 255, 270)
2018-02-10 23:14:42,061 INFO    : 发现一个运动物体位于(295, 213, 243, 267)
2018-02-10 23:14:42,610 INFO    : 发现一个运动物体位于(290, 214, 246, 266)
2018-02-10 23:14:43,160 INFO    : 发现一个运动物体位于(235, 210, 285, 270)
2018-02-10 23:14:43,707 INFO    : 发现一个运动物体位于(167, 102, 473, 378)
2018-02-10 23:14:44,248 INFO    : 发现一个运动物体位于(262, 215, 378, 265)
2018-02-10 23:14:44,790 INFO    : 发现一个运动物体位于(260, 219, 380, 261)
2018-02-10 23:14:45,380 INFO    : 发现一个运动物体位于(278, 218, 242, 262)
2018-02-10 23:14:45,381 INFO    : 累计侦测到目标十次运动,锁定目标,开启目标追踪模式
2018-02-10 23:14:45,381 INFO    : 关闭运动检测
2018-02-10 23:14:45,382 INFO    : 运动检测器结束工作
2018-02-10 23:14:45,383 INFO    : 开启目标追踪...
2018-02-10 23:14:45,419 INFO    : 追踪器开始工作
2018-02-11 13:31:13,327 INFO    : 视频采集器初始化完毕!
2018-02-11 13:31:13,328 INFO    : 开启视频采集
2018-02-11 13:31:13,328 INFO    : 视频采集线程启动...
2018-02-11 13:31:14,904 INFO    : 是否开启预警模式:True
2018-02-11 13:31:14,945 INFO    : 运动检测器初始化完毕
2018-02-11 13:31:14,946 INFO    : 追踪器初始化完毕,类型为:DlibTracker
2018-02-11 13:31:15,081 INFO    : 是否开启图片分发:True
2018-02-11 13:31:15,082 INFO    : 分发器初始化完毕
2018-02-11 13:31:15,148 INFO    : 运动检测器开始工作
2018-02-11 13:31:18,217 INFO    : 发现一个运动物体位于(397, 304, 20, 24)
2018-02-11 13:31:18,750 INFO    : 发现一个运动物体位于(208, 121, 230, 285)
2018-02-11 13:31:19,289 INFO    : 发现一个运动物体位于(208, 121, 231, 285)
2018-02-11 13:31:19,825 INFO    : 发现一个运动物体位于(208, 121, 230, 284)
2018-02-11 13:31:20,361 INFO    : 发现一个运动物体位于(208, 121, 230, 284)
2018-02-11 13:31:20,896 INFO    : 发现一个运动物体位于(208, 121, 229, 283)
2018-02-11 13:32:06,359 INFO    : 视频采集器初始化完毕!
2018-02-11 13:32:06,359 INFO    : 开启视频采集
2018-02-11 13:32:06,360 INFO    : 视频采集线程启动...
2018-02-11 13:32:07,841 INFO    : 是否开启预警模式:True
2018-02-11 13:32:07,842 INFO    : 运动检测器初始化完毕
2018-02-11 13:32:07,843 INFO    : 追踪器初始化完毕,类型为:DlibTracker
2018-02-11 13:32:07,855 INFO    : 运动检测器开始工作
2018-02-11 13:32:07,863 INFO    : 是否开启图片分发:True
2018-02-11 13:32:07,864 INFO    : 分发器初始化完毕
2018-02-11 13:32:10,131 INFO    : 发现一个运动物体位于(221, 336, 21, 19)
2018-02-11 13:32:10,659 INFO    : 发现一个运动物体位于(220, 334, 25, 23)
2018-02-11 13:32:11,184 INFO    : 发现一个运动物体位于(221, 334, 25, 24)
2018-02-11 13:32:11,714 INFO    : 发现一个运动物体位于(235, 274, 30, 42)
2018-02-11 13:32:12,240 INFO    : 发现一个运动物体位于(217, 256, 48, 62)
2018-02-11 13:32:12,768 INFO    : 发现一个运动物体位于(224, 261, 42, 57)
2018-02-11 13:32:13,300 INFO    : 发现一个运动物体位于(230, 271, 36, 47)
2018-02-11 13:32:13,827 INFO    : 发现一个运动物体位于(324, 251, 34, 40)
2018-02-12 10:01:12,628 INFO    : 主控程序初始化...
2018-02-12 10:01:13,792 INFO    : 视频采集器初始化完毕!
2018-02-12 10:01:13,793 INFO    : 分发器初始化完毕
2018-02-12 10:01:13,867 INFO    : 运动检测器初始化完毕
2018-02-12 10:01:13,878 INFO    : 命令监听器初始化完毕!
2018-02-12 10:01:13,881 INFO    : 追踪器初始化完毕,类型为:DlibTracker
2018-02-12 10:01:13,882 INFO    : 主控程序初始化完毕...
2018-02-12 10:01:13,882 INFO    : 
################################################################
2018-02-12 10:01:13,883 INFO    : 预警功能开启...
2018-02-12 10:01:14,000 INFO    : 是否开启预警模式:True
2018-02-12 10:01:14,001 INFO    : 开启分发
2018-02-12 10:01:14,070 INFO    : 是否开启图片分发:True
2018-02-12 10:01:14,076 INFO    : 开启视频采集
2018-02-12 10:01:14,133 INFO    : 视频采集线程启动...
2018-02-12 10:01:14,145 INFO    : 开启命令监听
2018-02-12 10:01:14,212 INFO    : 开启命令监听线程...
2018-02-12 10:01:14,217 INFO    : 开始监听IP:,PORT:9998
2018-02-12 10:01:14,217 INFO    : 初始化运动检测器背景采集...
2018-02-12 10:01:15,560 INFO    : 运动检测器开始工作
2018-02-12 10:01:16,400 INFO    : 发现一个运动物体位于(596, 127, 19, 21)
2018-02-12 10:01:16,543 INFO    : 发现一个运动物体位于(485, 305, 20, 29)
2018-02-12 10:01:16,709 INFO    : 发现一个运动物体位于(483, 287, 23, 48)
2018-02-12 10:01:16,965 INFO    : 发现一个运动物体位于(483, 285, 23, 52)
2018-02-12 10:01:17,298 INFO    : 发现一个运动物体位于(482, 286, 24, 52)
2018-02-12 10:01:17,564 INFO    : 发现一个运动物体位于(482, 282, 24, 56)
2018-02-12 10:01:17,794 INFO    : 发现一个运动物体位于(484, 305, 21, 30)
2018-02-12 10:01:20,573 INFO    : 发现一个运动物体位于(485, 309, 20, 25)
2018-02-12 10:01:21,077 INFO    : 发现一个运动物体位于(495, 420, 44, 60)
2018-02-12 10:01:21,383 INFO    : 发现一个运动物体位于(589, 110, 28, 88)
2018-02-12 10:01:21,548 INFO    : 发现一个运动物体位于(136, 354, 78, 126)
2018-02-12 10:01:21,681 INFO    : 发现一个运动物体位于(136, 354, 78, 126)
2018-02-12 10:01:22,060 INFO    : 发现一个运动物体位于(123, 341, 108, 139)
2018-02-12 10:01:22,303 INFO    : 发现一个运动物体位于(106, 354, 118, 126)
2018-02-12 10:01:22,489 INFO    : 发现一个运动物体位于(100, 354, 120, 126)
2018-02-12 10:01:22,961 INFO    : 发现一个运动物体位于(98, 354, 121, 126)
2018-02-12 10:01:23,436 INFO    : 发现一个运动物体位于(111, 354, 108, 126)
2018-02-12 10:01:23,437 INFO    : 累计侦测到目标十次运动,锁定目标,开启目标追踪模式
2018-02-12 10:01:23,437 INFO    : 关闭运动检测
2018-02-12 10:01:23,437 INFO    : 运动检测器结束工作
2018-02-12 10:01:23,437 INFO    : 开启目标追踪...
2018-02-12 10:01:23,810 INFO    : 追踪器开始工作
2018-02-12 10:01:34,337 INFO    : 关闭目标追踪...
2018-02-12 10:01:34,339 INFO    : 追踪器结束工作
2018-02-12 10:01:34,340 INFO    : 开启运动检测...
2018-02-12 10:01:34,362 INFO    : 运动检测器开始工作
2018-02-12 10:01:34,553 INFO    : 发现一个运动物体位于(245, 106, 80, 49)
2018-02-12 10:01:34,721 INFO    : 发现一个运动物体位于(188, 180, 256, 249)
2018-02-12 10:01:34,905 INFO    : 发现一个运动物体位于(215, 94, 250, 283)
2018-02-12 10:01:35,105 INFO    : 发现一个运动物体位于(214, 96, 253, 281)
2018-02-12 10:01:35,267 INFO    : 发现一个运动物体位于(60, 97, 409, 383)
2018-02-12 10:01:35,418 INFO    : 发现一个运动物体位于(113, 97, 354, 333)
2018-02-12 10:01:35,654 INFO    : 发现一个运动物体位于(214, 96, 252, 246)
2018-02-12 10:01:35,782 INFO    : 发现一个运动物体位于(215, 96, 251, 245)
2018-02-12 10:01:36,104 INFO    : 发现一个运动物体位于(215, 97, 250, 244)
2018-02-12 10:01:36,488 INFO    : 发现一个运动物体位于(250, 96, 215, 211)
2018-02-12 10:01:36,488 INFO    : 累计侦测到目标十次运动,锁定目标,开启目标追踪模式
2018-02-12 10:01:36,489 INFO    : 关闭运动检测
2018-02-12 10:01:36,490 INFO    : 运动检测器结束工作
2018-02-12 10:01:36,491 INFO    : 开启目标追踪...
2018-02-12 10:01:36,538 INFO    : 追踪器开始工作
2018-02-12 10:01:55,767 INFO    : 关闭视频采集
2018-02-12 10:01:55,767 INFO    : 视频采集线程关闭...
2018-02-12 10:01:55,838 INFO    : 捕获到一条命令:over
2018-02-12 10:01:55,838 INFO    : 发送结束命令,结束命令监听
2018-02-12 10:01:55,876 INFO    : 结束命令监听
2018-02-12 10:01:55,901 INFO    : 关闭视频采集
2018-02-12 10:01:55,902 INFO    : 发送结束命令,结束命令监听
2018-02-12 10:06:10,101 INFO    : 主控程序初始化...
2018-02-12 10:06:10,935 INFO    : 视频采集器初始化完毕!
2018-02-12 10:06:10,936 INFO    : 分发器初始化完毕
2018-02-12 10:06:10,937 INFO    : 运动检测器初始化完毕
2018-02-12 10:06:10,937 INFO    : 命令监听器初始化完毕!
2018-02-12 10:06:10,938 INFO    : 追踪器初始化完毕,类型为:DlibTracker
2018-02-12 10:06:10,938 INFO    : 主控程序初始化完毕...
2018-02-12 10:06:10,938 INFO    : 
################################################################
2018-02-12 10:06:10,938 INFO    : 预警功能开启...
2018-02-12 10:06:10,939 INFO    : 是否开启预警模式:True
2018-02-12 10:06:10,939 INFO    : 开启分发
2018-02-12 10:06:10,955 INFO    : 是否开启图片分发:True
2018-02-12 10:06:10,960 INFO    : 开启视频采集
2018-02-12 10:06:11,026 INFO    : 视频采集线程启动...
2018-02-12 10:06:11,032 INFO    : 开启命令监听
2018-02-12 10:06:11,144 INFO    : 开启命令监听线程...
2018-02-12 10:06:11,154 INFO    : 初始化运动检测器背景采集...
2018-02-12 10:06:11,174 INFO    : 开始监听IP:,PORT:9998
2018-02-12 10:06:12,245 INFO    : 运动检测器开始工作
2018-02-12 10:06:12,368 INFO    : 发现一个运动物体位于(614, 259, 26, 114)
2018-02-12 10:06:12,545 INFO    : 发现一个运动物体位于(607, 251, 33, 151)
2018-02-12 10:06:12,716 INFO    : 发现一个运动物体位于(601, 247, 39, 166)
2018-02-12 10:06:12,885 INFO    : 发现一个运动物体位于(599, 246, 41, 172)
2018-02-12 10:06:13,057 INFO    : 发现一个运动物体位于(598, 246, 42, 174)
2018-02-12 10:06:13,220 INFO    : 发现一个运动物体位于(597, 245, 43, 178)
2018-02-12 10:06:13,391 INFO    : 发现一个运动物体位于(596, 245, 44, 178)
2018-02-12 10:06:13,542 INFO    : 发现一个运动物体位于(596, 245, 44, 178)
2018-02-12 10:06:13,690 INFO    : 发现一个运动物体位于(593, 243, 47, 184)
2018-02-12 10:06:13,864 INFO    : 发现一个运动物体位于(584, 239, 56, 199)
2018-02-12 10:06:13,865 INFO    : 累计侦测到目标十次运动,锁定目标,开启目标追踪模式
2018-02-12 10:06:13,877 INFO    : 关闭运动检测
2018-02-12 10:06:13,878 INFO    : 运动检测器结束工作
2018-02-12 10:06:13,878 INFO    : 开启目标追踪...
2018-02-12 10:06:13,908 INFO    : 追踪器开始工作
2018-02-12 10:06:13,939 INFO    : 关闭目标追踪...
2018-02-12 10:06:13,941 INFO    : 追踪器结束工作
2018-02-12 10:06:13,941 INFO    : 开启运动检测...
2018-02-12 10:06:13,981 INFO    : 运动检测器开始工作
2018-02-12 10:06:14,153 INFO    : 发现一个运动物体位于(558, 292, 43, 99)
2018-02-12 10:06:14,312 INFO    : 发现一个运动物体位于(551, 265, 89, 173)
2018-02-12 10:06:14,478 INFO    : 发现一个运动物体位于(559, 279, 66, 141)
2018-02-12 10:06:14,644 INFO    : 发现一个运动物体位于(558, 235, 82, 245)
2018-02-12 10:06:14,798 INFO    : 发现一个运动物体位于(558, 234, 82, 246)
2018-02-12 10:06:14,952 INFO    : 发现一个运动物体位于(558, 233, 82, 247)
2018-02-12 10:06:15,108 INFO    : 发现一个运动物体位于(558, 233, 82, 247)
2018-02-12 10:06:15,265 INFO    : 发现一个运动物体位于(558, 233, 82, 247)
2018-02-12 10:06:15,428 INFO    : 发现一个运动物体位于(558, 233, 82, 247)
2018-02-12 10:06:15,586 INFO    : 发现一个运动物体位于(558, 233, 82, 247)
2018-02-12 10:06:15,587 INFO    : 累计侦测到目标十次运动,锁定目标,开启目标追踪模式
2018-02-12 10:06:15,599 INFO    : 关闭运动检测
2018-02-12 10:06:15,599 INFO    : 运动检测器结束工作
2018-02-12 10:06:15,600 INFO    : 开启目标追踪...
2018-02-12 10:06:15,636 INFO    : 追踪器开始工作
2018-02-12 10:06:15,674 INFO    : 关闭目标追踪...
2018-02-12 10:06:15,676 INFO    : 追踪器结束工作
2018-02-12 10:06:15,676 INFO    : 开启运动检测...
2018-02-12 10:06:15,719 INFO    : 运动检测器开始工作
2018-02-12 10:06:16,196 INFO    : 发现一个运动物体位于(573, 446, 24, 27)
2018-02-12 10:06:16,360 INFO    : 发现一个运动物体位于(567, 429, 73, 51)
2018-02-12 10:06:16,529 INFO    : 发现一个运动物体位于(566, 428, 74, 52)
2018-02-12 10:06:16,695 INFO    : 发现一个运动物体位于(567, 429, 73, 51)
2018-02-12 10:06:16,862 INFO    : 发现一个运动物体位于(567, 431, 73, 49)
2018-02-12 10:06:17,023 INFO    : 发现一个运动物体位于(566, 428, 74, 52)
2018-02-12 10:06:17,189 INFO    : 发现一个运动物体位于(554, 425, 86, 55)
2018-02-12 10:06:17,352 INFO    : 发现一个运动物体位于(515, 217, 125, 263)
2018-02-12 10:06:17,507 INFO    : 发现一个运动物体位于(473, 218, 167, 262)
2018-02-12 10:06:17,672 INFO    : 发现一个运动物体位于(434, 221, 206, 259)
2018-02-12 10:06:17,673 INFO    : 累计侦测到目标十次运动,锁定目标,开启目标追踪模式
2018-02-12 10:06:17,684 INFO    : 关闭运动检测
2018-02-12 10:06:17,685 INFO    : 运动检测器结束工作
2018-02-12 10:06:17,685 INFO    : 开启目标追踪...
2018-02-12 10:06:17,705 INFO    : 追踪器开始工作
2018-02-12 10:06:19,407 INFO    : 关闭目标追踪...
2018-02-12 10:06:19,409 INFO    : 追踪器结束工作
2018-02-12 10:06:19,421 INFO    : 开启运动检测...
2018-02-12 10:06:19,436 INFO    : 运动检测器开始工作
2018-02-12 10:06:19,645 INFO    : 发现一个运动物体位于(429, 29, 211, 252)
2018-02-12 10:06:19,809 INFO    : 发现一个运动物体位于(364, 31, 276, 449)
2018-02-12 10:06:19,972 INFO    : 发现一个运动物体位于(429, 35, 211, 246)
2018-02-12 10:06:20,127 INFO    : 发现一个运动物体位于(395, 35, 245, 344)
2018-02-12 10:06:20,278 INFO    : 发现一个运动物体位于(357, 35, 283, 434)
2018-02-12 10:06:20,442 INFO    : 发现一个运动物体位于(336, 35, 304, 437)
2018-02-12 10:06:20,612 INFO    : 发现一个运动物体位于(339, 35, 301, 445)
2018-02-12 10:06:20,772 INFO    : 发现一个运动物体位于(356, 35, 284, 372)
2018-02-12 10:06:20,935 INFO    : 发现一个运动物体位于(373, 35, 267, 362)
2018-02-12 10:06:20,972 INFO    : 关闭视频采集
2018-02-12 10:06:20,973 INFO    : 捕获到一条命令:over
2018-02-12 10:06:20,973 INFO    : 结束命令监听
2018-02-12 10:06:20,986 INFO    : 发送结束命令,结束命令监听
2018-02-12 10:06:20,987 INFO    : 视频采集线程关闭...
2018-02-12 10:06:20,988 INFO    : 关闭视频采集
2018-02-12 10:06:20,989 INFO    : 发送结束命令,结束命令监听
2018-02-12 10:06:21,090 INFO    : 发现一个运动物体位于(380, 35, 260, 360)
2018-02-12 10:06:21,090 INFO    : 累计侦测到目标十次运动,锁定目标,开启目标追踪模式
2018-02-12 10:06:21,090 INFO    : 关闭运动检测
2018-02-12 10:06:21,090 INFO    : 运动检测器结束工作
2018-02-12 10:06:21,091 INFO    : 开启目标追踪...
2018-02-12 10:06:21,111 INFO    : 追踪器开始工作
2018-02-12 10:06:29,223 INFO    : 主控程序初始化...
2018-02-12 10:06:30,047 INFO    : 视频采集器初始化完毕!
2018-02-12 10:06:30,049 INFO    : 分发器初始化完毕
2018-02-12 10:06:30,050 INFO    : 运动检测器初始化完毕
2018-02-12 10:06:30,051 INFO    : 命令监听器初始化完毕!
2018-02-12 10:06:30,051 INFO    : 追踪器初始化完毕,类型为:DlibTracker
2018-02-12 10:06:30,052 INFO    : 主控程序初始化完毕...
2018-02-12 10:06:30,052 INFO    : 
################################################################
2018-02-12 10:06:30,052 INFO    : 预警功能开启...
2018-02-12 10:06:30,059 INFO    : 是否开启预警模式:True
2018-02-12 10:06:30,060 INFO    : 开启分发
2018-02-12 10:06:30,075 INFO    : 是否开启图片分发:True
2018-02-12 10:06:30,080 INFO    : 开启视频采集
2018-02-12 10:06:30,145 INFO    : 视频采集线程启动...
2018-02-12 10:06:30,175 INFO    : 开启命令监听
2018-02-12 10:06:30,222 INFO    : 开启命令监听线程...
2018-02-12 10:06:30,232 INFO    : 初始化运动检测器背景采集...
2018-02-12 10:06:30,232 INFO    : 开始监听IP:,PORT:9998
2018-02-12 10:06:31,305 INFO    : 运动检测器开始工作
2018-02-12 10:06:31,559 INFO    : 发现一个运动物体位于(623, 136, 17, 78)
2018-02-12 10:06:31,731 INFO    : 发现一个运动物体位于(622, 134, 18, 80)
2018-02-12 10:06:31,898 INFO    : 发现一个运动物体位于(622, 134, 18, 80)
2018-02-12 10:06:32,059 INFO    : 发现一个运动物体位于(623, 136, 17, 78)
2018-02-12 10:06:32,207 INFO    : 发现一个运动物体位于(623, 136, 17, 77)
2018-02-12 10:06:32,354 INFO    : 发现一个运动物体位于(623, 136, 17, 78)
2018-02-12 10:06:32,505 INFO    : 发现一个运动物体位于(623, 136, 17, 77)
2018-02-12 10:06:32,679 INFO    : 发现一个运动物体位于(623, 136, 17, 77)
2018-02-12 10:06:32,841 INFO    : 发现一个运动物体位于(623, 136, 17, 77)
2018-02-12 10:06:32,997 INFO    : 发现一个运动物体位于(623, 136, 17, 77)
2018-02-12 10:06:32,997 INFO    : 累计侦测到目标十次运动,锁定目标,开启目标追踪模式
2018-02-12 10:06:33,009 INFO    : 关闭运动检测
2018-02-12 10:06:33,010 INFO    : 运动检测器结束工作
2018-02-12 10:06:33,010 INFO    : 开启目标追踪...
2018-02-12 10:06:33,048 INFO    : 追踪器开始工作
2018-02-12 10:06:33,082 INFO    : 关闭目标追踪...
2018-02-12 10:06:33,084 INFO    : 追踪器结束工作
2018-02-12 10:06:33,084 INFO    : 开启运动检测...
2018-02-12 10:06:33,117 INFO    : 运动检测器开始工作
2018-02-12 10:06:33,541 INFO    : 发现一个运动物体位于(629, 160, 11, 30)
2018-02-12 10:06:33,712 INFO    : 发现一个运动物体位于(605, 101, 35, 159)
2018-02-12 10:06:33,871 INFO    : 发现一个运动物体位于(563, 86, 77, 277)
2018-02-12 10:06:34,043 INFO    : 发现一个运动物体位于(540, 97, 100, 271)
2018-02-12 10:06:34,210 INFO    : 发现一个运动物体位于(521, 105, 119, 347)
2018-02-12 10:06:34,323 INFO    : 发现一个运动物体位于(518, 105, 122, 348)
2018-02-12 10:06:34,478 INFO    : 发现一个运动物体位于(519, 104, 121, 277)
2018-02-12 10:06:34,654 INFO    : 发现一个运动物体位于(520, 104, 120, 348)
2018-02-12 10:06:34,827 INFO    : 发现一个运动物体位于(520, 104, 120, 348)
2018-02-12 10:06:34,997 INFO    : 发现一个运动物体位于(531, 102, 109, 270)
2018-02-12 10:06:35,007 INFO    : 累计侦测到目标十次运动,锁定目标,开启目标追踪模式
2018-02-12 10:06:35,008 INFO    : 关闭运动检测
2018-02-12 10:06:35,008 INFO    : 运动检测器结束工作
2018-02-12 10:06:35,008 INFO    : 开启目标追踪...
2018-02-12 10:06:35,029 INFO    : 追踪器开始工作
2018-02-12 10:06:35,916 INFO    : 关闭目标追踪...
2018-02-12 10:06:35,917 INFO    : 追踪器结束工作
2018-02-12 10:06:35,918 INFO    : 开启运动检测...
2018-02-12 10:06:35,956 INFO    : 运动检测器开始工作
2018-02-12 10:06:36,128 INFO    : 发现一个运动物体位于(543, 188, 47, 97)
2018-02-12 10:06:36,295 INFO    : 发现一个运动物体位于(541, 111, 99, 267)
2018-02-12 10:06:36,453 INFO    : 发现一个运动物体位于(540, 86, 100, 292)
2018-02-12 10:06:36,615 INFO    : 发现一个运动物体位于(540, 86, 100, 292)
2018-02-12 10:06:36,785 INFO    : 发现一个运动物体位于(540, 93, 100, 272)
2018-02-12 10:06:36,946 INFO    : 发现一个运动物体位于(540, 98, 100, 268)
2018-02-12 10:06:37,132 INFO    : 发现一个运动物体位于(540, 98, 100, 269)
2018-02-12 10:06:37,294 INFO    : 发现一个运动物体位于(540, 98, 100, 270)
2018-02-12 10:06:37,465 INFO    : 发现一个运动物体位于(540, 98, 100, 271)
2018-02-12 10:06:37,638 INFO    : 发现一个运动物体位于(540, 98, 100, 271)
2018-02-12 10:06:37,638 INFO    : 累计侦测到目标十次运动,锁定目标,开启目标追踪模式
2018-02-12 10:06:37,638 INFO    : 关闭运动检测
2018-02-12 10:06:37,639 INFO    : 运动检测器结束工作
2018-02-12 10:06:37,639 INFO    : 开启目标追踪...
2018-02-12 10:06:37,689 INFO    : 追踪器开始工作
2018-02-12 10:06:37,713 INFO    : 关闭目标追踪...
2018-02-12 10:06:37,729 INFO    : 追踪器结束工作
2018-02-12 10:06:37,741 INFO    : 开启运动检测...
2018-02-12 10:06:37,757 INFO    : 运动检测器开始工作
2018-02-12 10:06:37,970 INFO    : 发现一个运动物体位于(626, 149, 14, 63)
2018-02-12 10:06:38,133 INFO    : 发现一个运动物体位于(617, 126, 23, 100)
2018-02-12 10:06:38,305 INFO    : 发现一个运动物体位于(605, 103, 35, 162)
2018-02-12 10:06:38,394 INFO    : 关闭视频采集
2018-02-12 10:06:38,408 INFO    : 捕获到一条命令:over
2018-02-12 10:06:38,408 INFO    : 发送结束命令,结束命令监听
2018-02-12 10:06:38,408 INFO    : 结束命令监听
2018-02-12 10:06:38,408 INFO    : 关闭视频采集
2018-02-12 10:06:38,409 INFO    : 发送结束命令,结束命令监听
2018-02-12 10:06:38,421 INFO    : 视频采集线程关闭...
2018-02-12 10:06:38,466 INFO    : 发现一个运动物体位于(595, 95, 45, 193)
2018-02-12 10:06:54,205 INFO    : 主控程序初始化...
2018-02-12 10:06:55,029 INFO    : 视频采集器初始化完毕!
2018-02-12 10:06:55,030 INFO    : 分发器初始化完毕
2018-02-12 10:06:55,031 INFO    : 运动检测器初始化完毕
2018-02-12 10:06:55,031 INFO    : 命令监听器初始化完毕!
2018-02-12 10:06:55,032 INFO    : 追踪器初始化完毕,类型为:DlibTracker
2018-02-12 10:06:55,032 INFO    : 主控程序初始化完毕...
2018-02-12 10:06:55,032 INFO    : 
################################################################
2018-02-12 10:06:55,032 INFO    : 预警功能开启...
2018-02-12 10:06:55,034 INFO    : 是否开启预警模式:True
2018-02-12 10:06:55,034 INFO    : 开启分发
2018-02-12 10:06:55,050 INFO    : 是否开启图片分发:True
2018-02-12 10:06:55,055 INFO    : 开启视频采集
2018-02-12 10:06:55,088 INFO    : 视频采集线程启动...
2018-02-12 10:06:55,094 INFO    : 开启命令监听
2018-02-12 10:06:55,142 INFO    : 开启命令监听线程...
2018-02-12 10:06:55,148 INFO    : 初始化运动检测器背景采集...
2018-02-12 10:06:55,153 INFO    : 开始监听IP:,PORT:9998
2018-02-12 10:06:56,209 INFO    : 运动检测器开始工作
2018-02-12 10:06:57,401 INFO    : 发现一个运动物体位于(430, 471, 19, 9)
2018-02-12 10:06:57,564 INFO    : 发现一个运动物体位于(555, 463, 85, 17)
2018-02-12 10:06:57,715 INFO    : 发现一个运动物体位于(541, 456, 99, 24)
2018-02-12 10:06:57,876 INFO    : 发现一个运动物体位于(575, 468, 45, 12)
2018-02-12 10:06:58,029 INFO    : 发现一个运动物体位于(429, 464, 22, 16)
2018-02-12 10:06:58,187 INFO    : 发现一个运动物体位于(572, 462, 68, 18)
2018-02-12 10:06:58,341 INFO    : 发现一个运动物体位于(570, 460, 70, 20)
2018-02-12 10:06:58,497 INFO    : 发现一个运动物体位于(300, 316, 42, 123)
2018-02-12 10:06:58,652 INFO    : 发现一个运动物体位于(285, 310, 71, 170)
2018-02-12 10:06:58,808 INFO    : 发现一个运动物体位于(275, 309, 82, 171)
2018-02-12 10:06:58,817 INFO    : 累计侦测到目标十次运动,锁定目标,开启目标追踪模式
2018-02-12 10:06:58,818 INFO    : 关闭运动检测
2018-02-12 10:06:58,818 INFO    : 运动检测器结束工作
2018-02-12 10:06:58,818 INFO    : 开启目标追踪...
2018-02-12 10:06:58,855 INFO    : 追踪器开始工作
2018-02-12 10:07:06,647 INFO    : 关闭目标追踪...
2018-02-12 10:07:06,662 INFO    : 追踪器结束工作
2018-02-12 10:07:06,676 INFO    : 开启运动检测...
2018-02-12 10:07:06,690 INFO    : 运动检测器开始工作
2018-02-12 10:07:06,893 INFO    : 发现一个运动物体位于(34, 0, 130, 480)
2018-02-12 10:07:07,051 INFO    : 发现一个运动物体位于(0, 0, 640, 480)
2018-02-12 10:07:07,209 INFO    : 发现一个运动物体位于(3, 0, 553, 480)
2018-02-12 10:07:07,365 INFO    : 发现一个运动物体位于(0, 0, 460, 480)
2018-02-12 10:07:07,526 INFO    : 发现一个运动物体位于(0, 0, 507, 480)
2018-02-12 10:07:07,682 INFO    : 发现一个运动物体位于(0, 0, 581, 480)
2018-02-12 10:07:07,845 INFO    : 发现一个运动物体位于(0, 0, 640, 480)
2018-02-12 10:07:08,000 INFO    : 发现一个运动物体位于(0, 0, 640, 480)
2018-02-12 10:07:08,160 INFO    : 发现一个运动物体位于(0, 0, 640, 480)
2018-02-12 10:07:08,316 INFO    : 发现一个运动物体位于(0, 0, 640, 480)
2018-02-12 10:07:08,325 INFO    : 累计侦测到目标十次运动,锁定目标,开启目标追踪模式
2018-02-12 10:07:08,326 INFO    : 关闭运动检测
2018-02-12 10:07:08,326 INFO    : 运动检测器结束工作
2018-02-12 10:07:08,326 INFO    : 开启目标追踪...
2018-02-12 10:07:08,356 INFO    : 追踪器开始工作
2018-02-12 10:07:13,823 INFO    : 关闭视频采集
2018-02-12 10:07:13,855 INFO    : 视频采集线程关闭...
2018-02-12 10:07:13,855 INFO    : 捕获到一条命令:over
2018-02-12 10:07:13,855 INFO    : 发送结束命令,结束命令监听
2018-02-12 10:07:13,875 INFO    : 结束命令监听
2018-02-12 10:07:13,910 INFO    : 关闭视频采集
2018-02-12 10:07:13,910 INFO    : 发送结束命令,结束命令监听
2018-02-12 10:15:59,367 INFO    : 主控程序初始化...
2018-02-12 10:16:00,662 INFO    : 视频采集器初始化完毕!
2018-02-12 10:16:00,664 INFO    : 分发器初始化完毕
2018-02-12 10:16:00,727 INFO    : 运动检测器初始化完毕
2018-02-12 10:16:00,728 INFO    : 命令监听器初始化完毕!
2018-02-12 10:16:00,729 INFO    : 追踪器初始化完毕,类型为:DlibTracker
2018-02-12 10:16:00,730 INFO    : 主控程序初始化完毕...
2018-02-12 10:16:00,730 INFO    : 
################################################################
2018-02-12 10:16:00,730 INFO    : 预警功能开启...
2018-02-12 10:16:00,741 INFO    : 是否开启预警模式:True
2018-02-12 10:16:00,742 INFO    : 开启分发
2018-02-12 10:16:00,761 INFO    : 是否开启图片分发:True
2018-02-12 10:16:00,766 INFO    : 开启视频采集
2018-02-12 10:16:00,797 INFO    : 视频采集线程启动...
2018-02-12 10:16:00,802 INFO    : 开启命令监听
2018-02-12 10:16:00,888 INFO    : 开启命令监听线程...
2018-02-12 10:16:00,894 INFO    : 初始化运动检测器背景采集...
2018-02-12 10:16:00,909 INFO    : 开始监听IP:,PORT:9998
2018-02-12 10:16:02,096 INFO    : 运动检测器开始工作
2018-02-12 10:16:06,101 INFO    : 发现一个运动物体位于(617, 402, 23, 59)
2018-02-12 10:16:06,305 INFO    : 发现一个运动物体位于(516, 336, 124, 144)
2018-02-12 10:16:06,480 INFO    : 发现一个运动物体位于(454, 346, 186, 134)
2018-02-12 10:16:06,669 INFO    : 发现一个运动物体位于(405, 364, 228, 116)
2018-02-12 10:16:06,825 INFO    : 发现一个运动物体位于(370, 376, 256, 104)
2018-02-12 10:16:06,975 INFO    : 发现一个运动物体位于(351, 380, 266, 100)
2018-02-12 10:16:07,150 INFO    : 发现一个运动物体位于(337, 380, 273, 100)
2018-02-12 10:16:07,335 INFO    : 发现一个运动物体位于(331, 378, 274, 102)
2018-02-12 10:16:07,481 INFO    : 发现一个运动物体位于(326, 376, 275, 104)
2018-02-12 10:16:07,655 INFO    : 发现一个运动物体位于(326, 374, 274, 106)
2018-02-12 10:16:07,656 INFO    : 累计侦测到目标十次运动,锁定目标,开启目标追踪模式
2018-02-12 10:16:07,671 INFO    : 关闭运动检测
2018-02-12 10:16:07,672 INFO    : 运动检测器结束工作
2018-02-12 10:16:07,672 INFO    : 开启目标追踪...
2018-02-12 10:16:07,838 INFO    : 追踪器开始工作
2018-02-12 10:16:10,938 INFO    : 关闭目标追踪...
2018-02-12 10:16:10,939 INFO    : 追踪器结束工作
2018-02-12 10:16:10,940 INFO    : 开启运动检测...
2018-02-12 10:16:10,986 INFO    : 运动检测器开始工作
2018-02-12 10:16:11,138 INFO    : 发现一个运动物体位于(471, 306, 139, 133)
2018-02-12 10:16:11,309 INFO    : 发现一个运动物体位于(471, 294, 169, 186)
2018-02-12 10:16:11,483 INFO    : 发现一个运动物体位于(471, 299, 169, 181)
2018-02-12 10:16:11,622 INFO    : 发现一个运动物体位于(471, 310, 140, 121)
2018-02-12 10:16:11,784 INFO    : 发现一个运动物体位于(424, 309, 216, 171)
2018-02-12 10:16:11,967 INFO    : 发现一个运动物体位于(360, 309, 280, 171)
2018-02-12 10:16:12,154 INFO    : 发现一个运动物体位于(306, 309, 334, 171)
2018-02-12 10:16:12,328 INFO    : 发现一个运动物体位于(251, 363, 270, 117)
2018-02-12 10:16:12,492 INFO    : 发现一个运动物体位于(231, 371, 270, 109)
2018-02-12 10:16:12,671 INFO    : 发现一个运动物体位于(218, 373, 270, 107)
2018-02-12 10:16:12,695 INFO    : 累计侦测到目标十次运动,锁定目标,开启目标追踪模式
2018-02-12 10:16:12,695 INFO    : 关闭运动检测
2018-02-12 10:16:12,696 INFO    : 运动检测器结束工作
2018-02-12 10:16:12,696 INFO    : 开启目标追踪...
2018-02-12 10:16:12,723 INFO    : 追踪器开始工作
2018-02-12 10:16:21,485 INFO    : 关闭视频采集
2018-02-12 10:16:21,498 INFO    : 视频采集线程关闭...
2018-02-12 10:16:21,516 INFO    : 发送结束命令,结束命令监听
2018-02-12 10:16:21,542 INFO    : 捕获到一条命令:over
2018-02-12 10:16:21,562 INFO    : 结束命令监听
2018-02-12 10:16:21,562 INFO    : 关闭视频采集
2018-02-12 10:16:21,562 INFO    : 发送结束命令,结束命令监听
2018-02-12 12:27:02,687 INFO    : 主控程序初始化...
2018-02-12 12:27:03,878 INFO    : 视频采集器初始化完毕!
2018-02-12 12:27:03,879 INFO    : 分发器初始化完毕
2018-02-12 12:27:03,992 INFO    : 运动检测器初始化完毕
2018-02-12 12:27:03,993 INFO    : 命令监听器初始化完毕!
2018-02-12 12:27:03,994 INFO    : 追踪器初始化完毕,类型为:DlibTracker
2018-02-12 12:27:03,994 INFO    : 主控程序初始化完毕...
2018-02-12 12:27:03,995 INFO    : 
################################################################
2018-02-12 12:27:03,995 INFO    : 预警功能开启...
2018-02-12 12:27:03,996 INFO    : 是否开启预警模式:True
2018-02-12 12:27:03,996 INFO    : 开启分发
2018-02-12 12:27:04,012 INFO    : 是否开启图片分发:True
2018-02-12 12:27:04,017 INFO    : 开启视频采集
2018-02-12 12:27:04,042 INFO    : 视频采集线程启动...
2018-02-12 12:27:04,052 INFO    : 开启命令监听
2018-02-12 12:27:04,119 INFO    : 开启命令监听线程...
2018-02-12 12:27:04,119 INFO    : 开始监听IP:,PORT:9998
2018-02-12 12:27:04,130 INFO    : 初始化运动检测器背景采集...
2018-02-12 12:27:05,393 INFO    : 运动检测器开始工作
2018-02-12 12:27:10,528 INFO    : 发现一个运动物体位于(616, 106, 24, 164)
2018-02-12 12:27:10,696 INFO    : 发现一个运动物体位于(584, 95, 56, 193)
2018-02-12 12:27:10,836 INFO    : 发现一个运动物体位于(563, 93, 77, 198)
2018-02-12 12:27:11,000 INFO    : 发现一个运动物体位于(541, 97, 99, 198)
2018-02-12 12:27:11,135 INFO    : 发现一个运动物体位于(507, 96, 133, 197)
2018-02-12 12:27:11,313 INFO    : 发现一个运动物体位于(494, 97, 146, 197)
2018-02-12 12:27:11,472 INFO    : 发现一个运动物体位于(476, 93, 164, 198)
2018-02-12 12:27:11,637 INFO    : 发现一个运动物体位于(461, 92, 179, 198)
2018-02-12 12:27:11,795 INFO    : 发现一个运动物体位于(452, 91, 188, 198)
2018-02-12 12:27:11,948 INFO    : 发现一个运动物体位于(438, 93, 202, 197)
2018-02-12 12:27:11,949 INFO    : 累计侦测到目标十次运动,锁定目标,开启目标追踪模式
2018-02-12 12:27:11,961 INFO    : 关闭运动检测
2018-02-12 12:27:11,961 INFO    : 运动检测器结束工作
2018-02-12 12:27:11,961 INFO    : 开启目标追踪...
2018-02-12 12:27:12,115 INFO    : 追踪器开始工作
2018-02-12 12:27:17,859 INFO    : 关闭目标追踪...
2018-02-12 12:27:17,862 INFO    : 追踪器结束工作
2018-02-12 12:27:17,862 INFO    : 开启运动检测...
2018-02-12 12:27:17,890 INFO    : 运动检测器开始工作
2018-02-12 12:27:18,043 INFO    : 发现一个运动物体位于(323, 64, 317, 241)
2018-02-12 12:27:18,193 INFO    : 发现一个运动物体位于(323, 51, 317, 254)
2018-02-12 12:27:18,372 INFO    : 发现一个运动物体位于(323, 37, 317, 268)
2018-02-12 12:27:18,539 INFO    : 发现一个运动物体位于(323, 17, 317, 287)
2018-02-12 12:27:18,695 INFO    : 发现一个运动物体位于(324, 1, 316, 303)
2018-02-12 12:27:18,857 INFO    : 发现一个运动物体位于(324, 0, 316, 304)
2018-02-12 12:27:19,032 INFO    : 发现一个运动物体位于(324, 0, 316, 304)
2018-02-12 12:27:19,194 INFO    : 发现一个运动物体位于(324, 67, 316, 237)
2018-02-12 12:27:19,346 INFO    : 发现一个运动物体位于(324, 67, 316, 237)
2018-02-12 12:27:19,523 INFO    : 发现一个运动物体位于(324, 67, 316, 237)
2018-02-12 12:27:19,524 INFO    : 累计侦测到目标十次运动,锁定目标,开启目标追踪模式
2018-02-12 12:27:19,524 INFO    : 关闭运动检测
2018-02-12 12:27:19,525 INFO    : 运动检测器结束工作
2018-02-12 12:27:19,536 INFO    : 开启目标追踪...
2018-02-12 12:27:19,563 INFO    : 追踪器开始工作
2018-02-12 12:27:27,746 INFO    : 关闭目标追踪...
2018-02-12 12:27:27,748 INFO    : 追踪器结束工作
2018-02-12 12:27:27,748 INFO    : 开启运动检测...
2018-02-12 12:27:27,775 INFO    : 运动检测器开始工作
2018-02-12 12:27:27,933 INFO    : 发现一个运动物体位于(295, 124, 165, 67)
2018-02-12 12:27:28,100 INFO    : 发现一个运动物体位于(288, 32, 352, 299)
2018-02-12 12:27:28,271 INFO    : 发现一个运动物体位于(264, 32, 376, 258)
2018-02-12 12:27:28,420 INFO    : 发现一个运动物体位于(259, 32, 381, 277)
2018-02-12 12:27:28,582 INFO    : 发现一个运动物体位于(285, 32, 355, 299)
2018-02-12 12:27:28,738 INFO    : 发现一个运动物体位于(294, 32, 346, 448)
2018-02-12 12:27:28,899 INFO    : 发现一个运动物体位于(294, 18, 346, 462)
2018-02-12 12:27:29,062 INFO    : 发现一个运动物体位于(294, 32, 346, 448)
2018-02-12 12:27:29,211 INFO    : 发现一个运动物体位于(294, 32, 346, 448)
2018-02-12 12:27:29,368 INFO    : 发现一个运动物体位于(294, 32, 346, 448)
2018-02-12 12:27:29,368 INFO    : 累计侦测到目标十次运动,锁定目标,开启目标追踪模式
2018-02-12 12:27:29,384 INFO    : 关闭运动检测
2018-02-12 12:27:29,385 INFO    : 运动检测器结束工作
2018-02-12 12:27:29,398 INFO    : 开启目标追踪...
2018-02-12 12:27:29,438 INFO    : 追踪器开始工作
2018-02-12 12:27:34,127 INFO    : 关闭目标追踪...
2018-02-12 12:27:34,128 INFO    : 追踪器结束工作
2018-02-12 12:27:34,145 INFO    : 开启运动检测...
2018-02-12 12:27:34,185 INFO    : 运动检测器开始工作
2018-02-12 12:27:34,386 INFO    : 发现一个运动物体位于(247, 19, 393, 381)
2018-02-12 12:27:34,527 INFO    : 发现一个运动物体位于(247, 40, 393, 427)
2018-02-12 12:27:34,697 INFO    : 发现一个运动物体位于(247, 40, 393, 440)
2018-02-12 12:27:34,846 INFO    : 发现一个运动物体位于(247, 40, 393, 440)
2018-02-12 12:27:34,999 INFO    : 发现一个运动物体位于(248, 40, 392, 440)
2018-02-12 12:27:35,154 INFO    : 发现一个运动物体位于(248, 40, 392, 440)
2018-02-12 12:27:35,308 INFO    : 发现一个运动物体位于(248, 41, 392, 439)
2018-02-12 12:27:35,472 INFO    : 发现一个运动物体位于(248, 41, 392, 439)
2018-02-12 12:27:35,650 INFO    : 发现一个运动物体位于(248, 41, 392, 439)
2018-02-12 12:27:35,807 INFO    : 发现一个运动物体位于(248, 41, 392, 439)
2018-02-12 12:27:35,807 INFO    : 累计侦测到目标十次运动,锁定目标,开启目标追踪模式
2018-02-12 12:27:35,831 INFO    : 关闭运动检测
2018-02-12 12:27:35,832 INFO    : 运动检测器结束工作
2018-02-12 12:27:35,846 INFO    : 开启目标追踪...
2018-02-12 12:27:35,872 INFO    : 追踪器开始工作
2018-02-12 12:27:48,159 INFO    : 关闭目标追踪...
2018-02-12 12:27:48,161 INFO    : 追踪器结束工作
2018-02-12 12:27:48,176 INFO    : 开启运动检测...
2018-02-12 12:27:48,204 INFO    : 运动检测器开始工作
2018-02-12 12:27:48,373 INFO    : 发现一个运动物体位于(0, 0, 640, 480)
2018-02-12 12:27:48,525 INFO    : 发现一个运动物体位于(0, 0, 640, 480)
2018-02-12 12:27:48,718 INFO    : 发现一个运动物体位于(0, 0, 640, 480)
2018-02-12 12:27:48,890 INFO    : 发现一个运动物体位于(0, 0, 640, 480)
2018-02-12 12:27:49,046 INFO    : 发现一个运动物体位于(0, 0, 640, 480)
2018-02-12 12:27:49,212 INFO    : 发现一个运动物体位于(0, 0, 640, 480)
2018-02-12 12:27:49,390 INFO    : 发现一个运动物体位于(0, 0, 640, 480)
2018-02-12 12:27:49,559 INFO    : 发现一个运动物体位于(0, 0, 640, 480)
2018-02-12 12:27:49,743 INFO    : 发现一个运动物体位于(0, 0, 640, 480)
2018-02-12 12:27:49,868 INFO    : 发现一个运动物体位于(0, 0, 640, 480)
2018-02-12 12:27:49,868 INFO    : 累计侦测到目标十次运动,锁定目标,开启目标追踪模式
2018-02-12 12:27:49,880 INFO    : 关闭运动检测
2018-02-12 12:27:49,880 INFO    : 运动检测器结束工作
2018-02-12 12:27:49,881 INFO    : 开启目标追踪...
2018-02-12 12:27:49,911 INFO    : 追踪器开始工作
2018-02-12 12:27:53,762 INFO    : 关闭视频采集
2018-02-12 12:27:53,778 INFO    : 视频采集线程关闭...
2018-02-12 12:27:53,812 INFO    : 发送结束命令,结束命令监听
2018-02-12 12:27:53,822 INFO    : 捕获到一条命令:over
2018-02-12 12:27:53,846 INFO    : 关闭视频采集
2018-02-12 12:27:53,846 INFO    : 结束命令监听
2018-02-12 12:27:53,846 INFO    : 发送结束命令,结束命令监听
2018-02-14 00:45:56,659 INFO    : 主控程序初始化...
2018-02-14 00:45:57,225 INFO    : 视频采集器初始化完毕!
2018-02-14 00:45:57,226 INFO    : 分发器初始化完毕
2018-02-14 00:45:57,281 INFO    : 运动检测器初始化完毕
2018-02-14 00:45:57,282 INFO    : 命令监听器初始化完毕!
2018-02-14 00:45:57,282 INFO    : 追踪器初始化完毕,类型为:DlibTracker
2018-02-14 00:45:57,282 INFO    : 主控程序初始化完毕...
2018-02-14 00:45:57,282 INFO    : 
################################################################
2018-02-14 00:45:57,283 INFO    : 预警功能开启...
2018-02-14 00:45:57,283 INFO    : 是否开启预警模式:True
2018-02-14 00:45:57,283 INFO    : 开启分发
2018-02-14 00:45:57,294 INFO    : 是否开启图片分发:True
2018-02-14 00:45:57,304 INFO    : 开启视频采集
2018-02-14 00:45:57,363 INFO    : 视频采集线程启动...
2018-02-14 00:45:57,379 INFO    : 开启命令监听
2018-02-14 00:45:57,447 INFO    : 开启命令监听线程...
2018-02-14 00:45:57,457 INFO    : 初始化运动检测器背景采集...
2018-02-14 00:45:57,478 INFO    : 开始监听IP:,PORT:9998
2018-02-14 00:45:58,842 INFO    : 运动检测器开始工作
2018-02-14 00:46:00,859 INFO    : 发现一个运动物体位于(214, 321, 31, 46)
2018-02-14 00:46:00,977 INFO    : 发现一个运动物体位于(208, 267, 77, 162)
2018-02-14 00:46:01,096 INFO    : 发现一个运动物体位于(256, 204, 169, 232)
2018-02-14 00:46:01,216 INFO    : 发现一个运动物体位于(137, 244, 222, 236)
2018-02-14 00:46:01,348 INFO    : 发现一个运动物体位于(138, 241, 221, 239)
2018-02-14 00:46:01,466 INFO    : 发现一个运动物体位于(138, 241, 222, 239)
2018-02-14 00:46:01,604 INFO    : 发现一个运动物体位于(138, 200, 293, 280)
2018-02-14 00:46:01,726 INFO    : 发现一个运动物体位于(139, 200, 387, 280)
2018-02-14 00:46:01,865 INFO    : 发现一个运动物体位于(141, 200, 293, 280)
2018-02-14 00:46:01,996 INFO    : 发现一个运动物体位于(142, 201, 384, 279)
2018-02-14 00:46:01,996 INFO    : 累计侦测到目标十次运动,锁定目标,开启目标追踪模式
2018-02-14 00:46:01,996 INFO    : 关闭运动检测
2018-02-14 00:46:01,996 INFO    : 运动检测器结束工作
2018-02-14 00:46:01,997 INFO    : 开启目标追踪...
2018-02-14 00:46:02,016 INFO    : 追踪器开始工作
2018-02-14 00:46:07,114 INFO    : 关闭视频采集
2018-02-14 00:46:07,124 INFO    : 视频采集线程关闭...
2018-02-14 00:46:07,125 INFO    : 捕获到一条命令:over
2018-02-14 00:46:07,125 INFO    : 发送结束命令,结束命令监听
2018-02-14 00:46:07,150 INFO    : 结束命令监听
2018-02-14 00:46:07,172 INFO    : 关闭视频采集
2018-02-14 00:46:07,172 INFO    : 发送结束命令,结束命令监听
2018-02-14 20:50:05,718 INFO    : 主控程序初始化...
2018-02-14 20:50:06,679 INFO    : 视频采集器初始化完毕!
2018-02-14 20:50:06,681 INFO    : 分发器初始化完毕
2018-02-14 20:50:06,744 INFO    : 运动检测器初始化完毕
2018-02-14 20:50:06,744 INFO    : 命令监听器初始化完毕!
2018-02-14 20:50:06,745 INFO    : 追踪器初始化完毕,类型为:DlibTracker
2018-02-14 20:50:06,746 INFO    : 主控程序初始化完毕...
2018-02-14 20:50:06,746 INFO    : 
################################################################
2018-02-14 20:50:06,746 INFO    : 预警功能开启...
2018-02-14 20:50:06,747 INFO    : 是否开启预警模式:True
2018-02-14 20:50:06,752 INFO    : 开启分发
2018-02-14 20:50:06,758 INFO    : 是否开启图片分发:True
2018-02-14 20:50:06,784 INFO    : 开启视频采集
2018-02-14 20:50:06,807 INFO    : 视频采集线程启动...
2018-02-14 20:50:06,815 INFO    : 开启命令监听
2018-02-14 20:50:06,828 INFO    : 开启命令监听线程...
2018-02-14 20:50:06,828 INFO    : 开始监听IP:,PORT:9998
2018-02-14 20:50:06,828 INFO    : 初始化运动检测器背景采集...
2018-02-14 20:50:08,062 INFO    : 运动检测器开始工作
2018-02-14 20:50:08,841 INFO    : 发现一个运动物体位于(246, 348, 21, 21)
2018-02-14 20:50:08,972 INFO    : 发现一个运动物体位于(440, 139, 40, 176)
2018-02-14 20:50:09,096 INFO    : 发现一个运动物体位于(423, 103, 58, 214)
2018-02-14 20:50:09,240 INFO    : 发现一个运动物体位于(416, 96, 65, 222)
2018-02-14 20:50:09,394 INFO    : 发现一个运动物体位于(122, 93, 100, 250)
2018-02-14 20:50:09,509 INFO    : 发现一个运动物体位于(122, 92, 101, 255)
2018-02-14 20:50:09,643 INFO    : 发现一个运动物体位于(123, 93, 99, 254)
2018-02-14 20:50:09,782 INFO    : 发现一个运动物体位于(123, 93, 99, 252)
2018-02-14 20:50:09,930 INFO    : 发现一个运动物体位于(122, 92, 100, 262)
2018-02-14 20:50:10,078 INFO    : 发现一个运动物体位于(121, 90, 103, 266)
2018-02-14 20:50:10,078 INFO    : 累计侦测到目标十次运动,锁定目标,开启目标追踪模式
2018-02-14 20:50:10,084 INFO    : 关闭运动检测
2018-02-14 20:50:10,084 INFO    : 运动检测器结束工作
2018-02-14 20:50:10,085 INFO    : 开启目标追踪...
2018-02-14 20:50:10,106 INFO    : 追踪器开始工作
2018-02-14 20:50:37,880 INFO    : 关闭目标追踪...
2018-02-14 20:50:37,889 INFO    : 追踪器结束工作
2018-02-14 20:50:37,890 INFO    : 开启运动检测...
2018-02-14 20:50:37,903 INFO    : 运动检测器开始工作
2018-02-14 20:50:38,024 INFO    : 发现一个运动物体位于(85, 292, 24, 25)
2018-02-14 20:50:38,207 INFO    : 发现一个运动物体位于(167, 38, 473, 399)
2018-02-14 20:50:38,357 INFO    : 发现一个运动物体位于(90, 37, 550, 443)
2018-02-14 20:50:38,520 INFO    : 发现一个运动物体位于(0, 39, 640, 441)
2018-02-14 20:50:38,682 INFO    : 发现一个运动物体位于(0, 39, 640, 441)
2018-02-14 20:50:38,805 INFO    : 发现一个运动物体位于(0, 0, 640, 480)
2018-02-14 20:50:38,936 INFO    : 发现一个运动物体位于(0, 0, 640, 480)
2018-02-14 20:50:39,065 INFO    : 发现一个运动物体位于(0, 0, 640, 480)
2018-02-14 20:50:39,199 INFO    : 发现一个运动物体位于(0, 0, 640, 480)
2018-02-14 20:50:39,342 INFO    : 发现一个运动物体位于(0, 0, 640, 480)
2018-02-14 20:50:39,348 INFO    : 累计侦测到目标十次运动,锁定目标,开启目标追踪模式
2018-02-14 20:50:39,486 INFO    : 关闭运动检测
2018-02-14 20:50:39,487 INFO    : 运动检测器结束工作
2018-02-14 20:50:39,488 INFO    : 开启目标追踪...
2018-02-14 20:50:39,520 INFO    : 追踪器开始工作
2018-02-14 20:50:43,098 INFO    : 关闭视频采集
2018-02-14 20:50:43,125 INFO    : 捕获到一条命令:over
2018-02-14 20:50:43,125 INFO    : 结束命令监听
2018-02-14 20:50:43,147 INFO    : 视频采集线程关闭...
2018-02-14 20:50:43,148 INFO    : 发送结束命令,结束命令监听
2018-02-14 20:50:43,229 INFO    : 关闭视频采集
2018-02-14 20:50:43,230 INFO    : 发送结束命令,结束命令监听
2018-02-15 20:12:11,530 INFO    : 主控程序初始化...
2018-02-15 20:12:12,084 INFO    : 视频采集器初始化完毕!
2018-02-15 20:12:12,086 INFO    : 分发器初始化完毕
2018-02-15 20:12:12,140 INFO    : 运动检测器初始化完毕
2018-02-15 20:12:12,141 INFO    : 命令监听器初始化完毕!
2018-02-15 20:12:12,141 INFO    : 追踪器初始化完毕,类型为:DlibTracker
2018-02-15 20:12:12,141 INFO    : 主控程序初始化完毕...
2018-02-15 20:12:12,141 INFO    : 
################################################################
2018-02-15 20:12:12,141 INFO    : 预警功能开启...
2018-02-15 20:12:12,142 INFO    : 是否开启预警模式:True
2018-02-15 20:12:12,142 INFO    : 开启分发
2018-02-15 20:12:12,152 INFO    : 是否开启图片分发:True
2018-02-15 20:12:12,163 INFO    : 开启视频采集
2018-02-15 20:12:12,168 INFO    : 视频采集线程启动...
2018-02-15 20:12:12,188 INFO    : 开启命令监听
2018-02-15 20:12:12,199 INFO    : 开启命令监听线程...
2018-02-15 20:12:12,204 INFO    : 开始监听IP:,PORT:9998
2018-02-15 20:12:12,209 INFO    : 初始化运动检测器背景采集...
2018-02-15 20:12:13,429 INFO    : 运动检测器开始工作
2018-02-15 20:12:16,463 INFO    : 发现一个运动物体位于(343, 319, 35, 24)
2018-02-15 20:12:16,594 INFO    : 发现一个运动物体位于(351, 320, 27, 22)
2018-02-15 20:12:22,752 INFO    : 发现一个运动物体位于(395, 281, 30, 40)
2018-02-15 20:12:22,885 INFO    : 发现一个运动物体位于(362, 255, 69, 120)
2018-02-15 20:12:23,016 INFO    : 发现一个运动物体位于(320, 247, 112, 135)
2018-02-15 20:12:23,147 INFO    : 发现一个运动物体位于(323, 247, 275, 233)
2018-02-15 20:12:23,278 INFO    : 发现一个运动物体位于(319, 239, 277, 241)
2018-02-15 20:12:23,411 INFO    : 发现一个运动物体位于(319, 232, 276, 248)
2018-02-15 20:12:23,544 INFO    : 发现一个运动物体位于(318, 226, 276, 254)
2018-02-15 20:12:23,673 INFO    : 发现一个运动物体位于(318, 224, 278, 256)
2018-02-15 20:12:23,812 INFO    : 发现一个运动物体位于(316, 216, 284, 264)
2018-02-15 20:12:23,944 INFO    : 发现一个运动物体位于(316, 209, 274, 271)
2018-02-15 20:12:23,945 INFO    : 累计侦测到目标十次运动,锁定目标,开启目标追踪模式
2018-02-15 20:12:23,945 INFO    : 关闭运动检测
2018-02-15 20:12:23,945 INFO    : 运动检测器结束工作
2018-02-15 20:12:23,945 INFO    : 开启目标追踪...
2018-02-15 20:12:23,963 INFO    : 追踪器开始工作
2018-02-15 20:12:40,647 INFO    : 关闭目标追踪...
2018-02-15 20:12:40,654 INFO    : 追踪器结束工作
2018-02-15 20:12:40,654 INFO    : 开启运动检测...
2018-02-15 20:12:40,663 INFO    : 运动检测器开始工作
2018-02-15 20:12:40,803 INFO    : 发现一个运动物体位于(373, 265, 80, 166)
2018-02-15 20:12:40,933 INFO    : 发现一个运动物体位于(342, 262, 136, 174)
2018-02-15 20:12:41,065 INFO    : 发现一个运动物体位于(477, 266, 88, 196)
2018-02-15 20:12:41,197 INFO    : 发现一个运动物体位于(366, 258, 116, 177)
2018-02-15 20:12:41,327 INFO    : 发现一个运动物体位于(322, 252, 245, 228)
2018-02-15 20:12:41,456 INFO    : 发现一个运动物体位于(283, 252, 284, 228)
2018-02-15 20:12:41,589 INFO    : 发现一个运动物体位于(268, 253, 299, 227)
2018-02-15 20:12:41,823 INFO    : 发现一个运动物体位于(189, 255, 378, 225)
2018-02-15 20:12:41,955 INFO    : 发现一个运动物体位于(189, 255, 378, 225)
2018-02-15 20:12:42,084 INFO    : 发现一个运动物体位于(190, 255, 377, 225)
2018-02-15 20:12:42,084 INFO    : 累计侦测到目标十次运动,锁定目标,开启目标追踪模式
2018-02-15 20:12:42,085 INFO    : 关闭运动检测
2018-02-15 20:12:42,085 INFO    : 运动检测器结束工作
2018-02-15 20:12:42,085 INFO    : 开启目标追踪...
2018-02-15 20:12:42,102 INFO    : 追踪器开始工作
2018-02-15 20:12:51,221 INFO    : 关闭视频采集
2018-02-15 20:12:51,221 INFO    : 发送结束命令,结束命令监听
2018-02-15 20:12:51,221 INFO    : 捕获到一条命令:over
2018-02-15 20:12:51,242 INFO    : 结束命令监听
2018-02-15 20:12:51,252 INFO    : 关闭视频采集
2018-02-15 20:12:51,253 INFO    : 视频采集线程关闭...
2018-02-15 20:12:51,253 INFO    : 发送结束命令,结束命令监听
2018-02-19 23:17:02,370 INFO    : 视频采集器初始化完毕!
2018-02-19 23:17:02,387 INFO    : 开启视频采集
2018-02-19 23:17:02,388 INFO    : 视频采集线程启动...
2018-02-19 23:17:22,856 INFO    : 视频采集器初始化完毕!
2018-02-19 23:17:22,857 INFO    : 开启视频采集
2018-02-19 23:17:22,858 INFO    : 视频采集线程启动...
2018-02-19 23:18:02,478 INFO    : 视频采集器初始化完毕!
2018-02-19 23:18:02,479 INFO    : 开启视频采集
2018-02-19 23:18:02,479 INFO    : 视频采集线程启动...
2018-02-19 23:18:35,653 INFO    : 视频采集器初始化完毕!
2018-02-19 23:18:35,654 INFO    : 开启视频采集
2018-02-19 23:18:35,655 INFO    : 视频采集线程启动...
2018-02-19 23:18:59,090 INFO    : 视频采集器初始化完毕!
2018-02-19 23:18:59,090 INFO    : 开启视频采集
2018-02-19 23:18:59,091 INFO    : 视频采集线程启动...
2018-02-19 23:19:16,343 INFO    : 视频采集器初始化完毕!
2018-02-19 23:19:16,343 INFO    : 开启视频采集
2018-02-19 23:19:16,344 INFO    : 视频采集线程启动...
2018-02-19 23:19:45,620 INFO    : 视频采集器初始化完毕!
2018-02-19 23:19:45,620 INFO    : 开启视频采集
2018-02-19 23:19:45,621 INFO    : 视频采集线程启动...
2018-02-19 23:21:47,671 INFO    : 视频采集器初始化完毕!
2018-02-19 23:21:47,671 INFO    : 开启视频采集
2018-02-19 23:21:47,672 INFO    : 视频采集线程启动...
2018-02-19 23:22:32,382 INFO    : 视频采集器初始化完毕!
2018-02-19 23:22:32,382 INFO    : 开启视频采集
2018-02-19 23:22:32,383 INFO    : 视频采集线程启动...
2018-02-19 23:24:21,562 INFO    : 视频采集器初始化完毕!
2018-02-19 23:24:21,562 INFO    : 开启视频采集
2018-02-19 23:24:21,563 INFO    : 视频采集线程启动...
2018-02-19 23:24:22,878 INFO    : 是否开启预警模式:True
2018-02-19 23:24:22,889 INFO    : 是否开启图片分发:True
2018-02-19 23:24:22,922 INFO    : 分发器初始化完毕
2018-02-19 23:24:22,967 INFO    : 运动检测器初始化完毕
2018-02-19 23:24:23,026 INFO    : 追踪器初始化完毕,类型为:DlibTracker
2018-02-19 23:24:23,270 INFO    : 运动检测器开始工作
2018-02-19 23:24:25,180 INFO    : 发现一个运动物体位于(396, 266, 26, 23)
2018-02-19 23:24:25,696 INFO    : 发现一个运动物体位于(198, 139, 64, 23)
2018-02-19 23:24:26,212 INFO    : 发现一个运动物体位于(197, 137, 68, 27)
2018-02-19 23:24:26,727 INFO    : 发现一个运动物体位于(196, 136, 71, 29)
2018-02-19 23:24:27,243 INFO    : 发现一个运动物体位于(194, 118, 95, 49)
2018-02-19 23:24:27,759 INFO    : 发现一个运动物体位于(194, 109, 108, 59)
2018-02-19 23:24:28,280 INFO    : 发现一个运动物体位于(193, 107, 111, 176)
2018-02-19 23:24:28,794 INFO    : 发现一个运动物体位于(194, 110, 107, 171)
2018-02-19 23:24:29,308 INFO    : 发现一个运动物体位于(194, 109, 107, 173)
2018-02-19 23:24:29,824 INFO    : 发现一个运动物体位于(194, 110, 107, 172)
2018-02-19 23:24:29,824 INFO    : 累计侦测到目标十次运动,锁定目标,开启目标追踪模式
2018-02-19 23:24:29,824 INFO    : 关闭运动检测
2018-02-19 23:24:29,824 INFO    : 运动检测器结束工作
2018-02-19 23:24:29,825 INFO    : 开启目标追踪...
2018-02-19 23:24:30,058 INFO    : 追踪器开始工作
2018-02-20 00:37:05,323 INFO    : 视频采集器初始化完毕!
2018-02-20 00:37:05,324 INFO    : 开启视频采集
2018-02-20 00:37:05,324 INFO    : 视频采集线程启动...
2018-02-20 00:37:06,660 INFO    : 是否开启预警模式:True
2018-02-20 00:37:06,680 INFO    : 是否开启图片分发:True
2018-02-20 00:37:06,681 INFO    : 分发器初始化完毕
2018-02-20 00:37:06,813 INFO    : 运动检测器初始化完毕
2018-02-20 00:37:06,813 INFO    : 追踪器初始化完毕,类型为:DlibTracker
2018-02-20 00:37:06,933 INFO    : 运动检测器开始工作
2018-02-20 00:37:11,904 INFO    : 发现一个运动物体位于(296, 287, 106, 53)
2018-02-20 00:37:12,432 INFO    : 发现一个运动物体位于(276, 274, 154, 152)
2018-02-20 00:37:12,952 INFO    : 发现一个运动物体位于(258, 261, 205, 168)
2018-02-20 00:37:13,477 INFO    : 发现一个运动物体位于(218, 227, 268, 225)
2018-02-20 00:37:13,996 INFO    : 发现一个运动物体位于(195, 193, 291, 285)
2018-02-20 00:37:14,516 INFO    : 发现一个运动物体位于(149, 148, 338, 332)
2018-02-20 00:37:15,039 INFO    : 发现一个运动物体位于(120, 119, 366, 361)
2018-02-20 00:37:15,561 INFO    : 发现一个运动物体位于(111, 106, 375, 374)
2018-02-20 00:37:16,081 INFO    : 发现一个运动物体位于(107, 105, 384, 375)
2018-02-20 00:37:16,600 INFO    : 发现一个运动物体位于(106, 105, 385, 375)
2018-02-20 00:37:16,600 INFO    : 累计侦测到目标十次运动,锁定目标,开启目标追踪模式
2018-02-20 00:37:16,600 INFO    : 关闭运动检测
2018-02-20 00:37:16,600 INFO    : 运动检测器结束工作
2018-02-20 00:37:16,600 INFO    : 开启目标追踪...
2018-02-20 00:37:16,623 INFO    : 追踪器开始工作
2018-02-20 00:53:27,460 INFO    : 目标丢失,退出目标追踪模式,进入运动监控状态
2018-02-20 00:53:27,460 INFO    : 关闭目标追踪...
2018-02-20 00:53:27,462 INFO    : 追踪器结束工作
2018-02-20 00:53:27,462 INFO    : 开启运动检测...
2018-02-20 00:53:27,469 INFO    : 运动检测器开始工作
2018-02-20 00:53:28,734 INFO    : 发现一个运动物体位于(289, 386, 180, 94)
2018-02-20 00:53:29,251 INFO    : 发现一个运动物体位于(270, 321, 301, 159)
2018-02-20 00:53:29,769 INFO    : 发现一个运动物体位于(143, 149, 432, 331)
2018-02-20 00:53:30,287 INFO    : 发现一个运动物体位于(131, 152, 443, 328)
2018-02-20 00:53:30,805 INFO    : 发现一个运动物体位于(28, 0, 612, 480)
2018-02-20 00:53:31,321 INFO    : 发现一个运动物体位于(0, 0, 640, 480)
2018-02-20 00:53:31,837 INFO    : 发现一个运动物体位于(0, 0, 640, 480)
2018-02-20 00:53:32,355 INFO    : 发现一个运动物体位于(0, 0, 640, 480)
2018-02-20 00:53:32,871 INFO    : 发现一个运动物体位于(119, 151, 451, 329)
2018-02-20 00:53:33,390 INFO    : 发现一个运动物体位于(250, 265, 325, 215)
2018-02-20 00:53:33,390 INFO    : 累计侦测到目标十次运动,锁定目标,开启目标追踪模式
2018-02-20 00:53:33,390 INFO    : 关闭运动检测
2018-02-20 00:53:33,390 INFO    : 运动检测器结束工作
2018-02-20 00:53:33,390 INFO    : 开启目标追踪...
2018-02-20 00:53:33,405 INFO    : 追踪器开始工作
